[2022-12-29T11:22:18.213+0000] {processor.py:153} INFO - Started process (PID=178) to work on /opt/airflow/dags/get_hotsongs.py
[2022-12-29T11:22:18.215+0000] {processor.py:743} INFO - Processing file /opt/airflow/dags/get_hotsongs.py for tasks to queue
[2022-12-29T11:22:18.216+0000] {logging_mixin.py:137} INFO - [2022-12-29T11:22:18.215+0000] {dagbag.py:538} INFO - Filling up the DagBag from /opt/airflow/dags/get_hotsongs.py
[2022-12-29T11:22:18.259+0000] {logging_mixin.py:137} INFO - [2022-12-29T11:22:18.257+0000] {dagbag.py:343} ERROR - Failed to import: /opt/airflow/dags/get_hotsongs.py
Traceback (most recent call last):
  File "/home/airflow/.local/lib/python3.7/site-packages/airflow/models/dagbag.py", line 339, in parse
    loader.exec_module(new_module)
  File "<frozen importlib._bootstrap_external>", line 728, in exec_module
  File "<frozen importlib._bootstrap>", line 219, in _call_with_frames_removed
  File "/opt/airflow/dags/get_hotsongs.py", line 5, in <module>
    import billboard
ModuleNotFoundError: No module named 'billboard'
[2022-12-29T11:22:18.260+0000] {processor.py:755} WARNING - No viable dags retrieved from /opt/airflow/dags/get_hotsongs.py
[2022-12-29T11:22:18.300+0000] {processor.py:175} INFO - Processing /opt/airflow/dags/get_hotsongs.py took 0.131 seconds
[2022-12-29T11:22:48.511+0000] {processor.py:153} INFO - Started process (PID=213) to work on /opt/airflow/dags/get_hotsongs.py
[2022-12-29T11:22:48.526+0000] {processor.py:743} INFO - Processing file /opt/airflow/dags/get_hotsongs.py for tasks to queue
[2022-12-29T11:22:48.531+0000] {logging_mixin.py:137} INFO - [2022-12-29T11:22:48.531+0000] {dagbag.py:538} INFO - Filling up the DagBag from /opt/airflow/dags/get_hotsongs.py
[2022-12-29T11:22:48.586+0000] {logging_mixin.py:137} INFO - [2022-12-29T11:22:48.579+0000] {dagbag.py:343} ERROR - Failed to import: /opt/airflow/dags/get_hotsongs.py
Traceback (most recent call last):
  File "/home/airflow/.local/lib/python3.7/site-packages/airflow/models/dagbag.py", line 339, in parse
    loader.exec_module(new_module)
  File "<frozen importlib._bootstrap_external>", line 728, in exec_module
  File "<frozen importlib._bootstrap>", line 219, in _call_with_frames_removed
  File "/opt/airflow/dags/get_hotsongs.py", line 5, in <module>
    import billboard
ModuleNotFoundError: No module named 'billboard'
[2022-12-29T11:22:48.587+0000] {processor.py:755} WARNING - No viable dags retrieved from /opt/airflow/dags/get_hotsongs.py
[2022-12-29T11:22:48.794+0000] {processor.py:175} INFO - Processing /opt/airflow/dags/get_hotsongs.py took 0.288 seconds
[2022-12-29T11:23:19.091+0000] {processor.py:153} INFO - Started process (PID=246) to work on /opt/airflow/dags/get_hotsongs.py
[2022-12-29T11:23:19.092+0000] {processor.py:743} INFO - Processing file /opt/airflow/dags/get_hotsongs.py for tasks to queue
[2022-12-29T11:23:19.093+0000] {logging_mixin.py:137} INFO - [2022-12-29T11:23:19.093+0000] {dagbag.py:538} INFO - Filling up the DagBag from /opt/airflow/dags/get_hotsongs.py
[2022-12-29T11:23:19.104+0000] {logging_mixin.py:137} INFO - [2022-12-29T11:23:19.103+0000] {dagbag.py:343} ERROR - Failed to import: /opt/airflow/dags/get_hotsongs.py
Traceback (most recent call last):
  File "/home/airflow/.local/lib/python3.7/site-packages/airflow/models/dagbag.py", line 339, in parse
    loader.exec_module(new_module)
  File "<frozen importlib._bootstrap_external>", line 728, in exec_module
  File "<frozen importlib._bootstrap>", line 219, in _call_with_frames_removed
  File "/opt/airflow/dags/get_hotsongs.py", line 5, in <module>
    import billboard
ModuleNotFoundError: No module named 'billboard'
[2022-12-29T11:23:19.105+0000] {processor.py:755} WARNING - No viable dags retrieved from /opt/airflow/dags/get_hotsongs.py
[2022-12-29T11:23:19.133+0000] {processor.py:175} INFO - Processing /opt/airflow/dags/get_hotsongs.py took 0.047 seconds
[2022-12-29T11:23:49.460+0000] {processor.py:153} INFO - Started process (PID=279) to work on /opt/airflow/dags/get_hotsongs.py
[2022-12-29T11:23:49.473+0000] {processor.py:743} INFO - Processing file /opt/airflow/dags/get_hotsongs.py for tasks to queue
[2022-12-29T11:23:49.474+0000] {logging_mixin.py:137} INFO - [2022-12-29T11:23:49.474+0000] {dagbag.py:538} INFO - Filling up the DagBag from /opt/airflow/dags/get_hotsongs.py
[2022-12-29T11:23:49.487+0000] {logging_mixin.py:137} INFO - [2022-12-29T11:23:49.486+0000] {dagbag.py:343} ERROR - Failed to import: /opt/airflow/dags/get_hotsongs.py
Traceback (most recent call last):
  File "/home/airflow/.local/lib/python3.7/site-packages/airflow/models/dagbag.py", line 339, in parse
    loader.exec_module(new_module)
  File "<frozen importlib._bootstrap_external>", line 728, in exec_module
  File "<frozen importlib._bootstrap>", line 219, in _call_with_frames_removed
  File "/opt/airflow/dags/get_hotsongs.py", line 5, in <module>
    import billboard
ModuleNotFoundError: No module named 'billboard'
[2022-12-29T11:23:49.488+0000] {processor.py:755} WARNING - No viable dags retrieved from /opt/airflow/dags/get_hotsongs.py
[2022-12-29T11:23:49.519+0000] {processor.py:175} INFO - Processing /opt/airflow/dags/get_hotsongs.py took 0.067 seconds
[2022-12-29T11:24:19.871+0000] {processor.py:153} INFO - Started process (PID=313) to work on /opt/airflow/dags/get_hotsongs.py
[2022-12-29T11:24:19.883+0000] {processor.py:743} INFO - Processing file /opt/airflow/dags/get_hotsongs.py for tasks to queue
[2022-12-29T11:24:19.884+0000] {logging_mixin.py:137} INFO - [2022-12-29T11:24:19.884+0000] {dagbag.py:538} INFO - Filling up the DagBag from /opt/airflow/dags/get_hotsongs.py
[2022-12-29T11:24:19.893+0000] {logging_mixin.py:137} INFO - [2022-12-29T11:24:19.892+0000] {dagbag.py:343} ERROR - Failed to import: /opt/airflow/dags/get_hotsongs.py
Traceback (most recent call last):
  File "/home/airflow/.local/lib/python3.7/site-packages/airflow/models/dagbag.py", line 339, in parse
    loader.exec_module(new_module)
  File "<frozen importlib._bootstrap_external>", line 728, in exec_module
  File "<frozen importlib._bootstrap>", line 219, in _call_with_frames_removed
  File "/opt/airflow/dags/get_hotsongs.py", line 5, in <module>
    import billboard
ModuleNotFoundError: No module named 'billboard'
[2022-12-29T11:24:19.894+0000] {processor.py:755} WARNING - No viable dags retrieved from /opt/airflow/dags/get_hotsongs.py
[2022-12-29T11:24:19.919+0000] {processor.py:175} INFO - Processing /opt/airflow/dags/get_hotsongs.py took 0.056 seconds
[2022-12-29T11:24:50.218+0000] {processor.py:153} INFO - Started process (PID=359) to work on /opt/airflow/dags/get_hotsongs.py
[2022-12-29T11:24:50.230+0000] {processor.py:743} INFO - Processing file /opt/airflow/dags/get_hotsongs.py for tasks to queue
[2022-12-29T11:24:50.231+0000] {logging_mixin.py:137} INFO - [2022-12-29T11:24:50.231+0000] {dagbag.py:538} INFO - Filling up the DagBag from /opt/airflow/dags/get_hotsongs.py
[2022-12-29T11:24:50.244+0000] {logging_mixin.py:137} INFO - [2022-12-29T11:24:50.242+0000] {dagbag.py:343} ERROR - Failed to import: /opt/airflow/dags/get_hotsongs.py
Traceback (most recent call last):
  File "/home/airflow/.local/lib/python3.7/site-packages/airflow/models/dagbag.py", line 339, in parse
    loader.exec_module(new_module)
  File "<frozen importlib._bootstrap_external>", line 728, in exec_module
  File "<frozen importlib._bootstrap>", line 219, in _call_with_frames_removed
  File "/opt/airflow/dags/get_hotsongs.py", line 5, in <module>
    import billboard
ModuleNotFoundError: No module named 'billboard'
[2022-12-29T11:24:50.244+0000] {processor.py:755} WARNING - No viable dags retrieved from /opt/airflow/dags/get_hotsongs.py
[2022-12-29T11:24:50.279+0000] {processor.py:175} INFO - Processing /opt/airflow/dags/get_hotsongs.py took 0.067 seconds
[2022-12-29T11:25:20.591+0000] {processor.py:153} INFO - Started process (PID=392) to work on /opt/airflow/dags/get_hotsongs.py
[2022-12-29T11:25:20.593+0000] {processor.py:743} INFO - Processing file /opt/airflow/dags/get_hotsongs.py for tasks to queue
[2022-12-29T11:25:20.594+0000] {logging_mixin.py:137} INFO - [2022-12-29T11:25:20.594+0000] {dagbag.py:538} INFO - Filling up the DagBag from /opt/airflow/dags/get_hotsongs.py
[2022-12-29T11:25:20.608+0000] {logging_mixin.py:137} INFO - [2022-12-29T11:25:20.606+0000] {dagbag.py:343} ERROR - Failed to import: /opt/airflow/dags/get_hotsongs.py
Traceback (most recent call last):
  File "/home/airflow/.local/lib/python3.7/site-packages/airflow/models/dagbag.py", line 339, in parse
    loader.exec_module(new_module)
  File "<frozen importlib._bootstrap_external>", line 728, in exec_module
  File "<frozen importlib._bootstrap>", line 219, in _call_with_frames_removed
  File "/opt/airflow/dags/get_hotsongs.py", line 5, in <module>
    import billboard
ModuleNotFoundError: No module named 'billboard'
[2022-12-29T11:25:20.608+0000] {processor.py:755} WARNING - No viable dags retrieved from /opt/airflow/dags/get_hotsongs.py
[2022-12-29T11:25:20.639+0000] {processor.py:175} INFO - Processing /opt/airflow/dags/get_hotsongs.py took 0.054 seconds
[2022-12-29T11:25:50.962+0000] {processor.py:153} INFO - Started process (PID=427) to work on /opt/airflow/dags/get_hotsongs.py
[2022-12-29T11:25:50.974+0000] {processor.py:743} INFO - Processing file /opt/airflow/dags/get_hotsongs.py for tasks to queue
[2022-12-29T11:25:50.975+0000] {logging_mixin.py:137} INFO - [2022-12-29T11:25:50.975+0000] {dagbag.py:538} INFO - Filling up the DagBag from /opt/airflow/dags/get_hotsongs.py
[2022-12-29T11:25:50.985+0000] {logging_mixin.py:137} INFO - [2022-12-29T11:25:50.984+0000] {dagbag.py:343} ERROR - Failed to import: /opt/airflow/dags/get_hotsongs.py
Traceback (most recent call last):
  File "/home/airflow/.local/lib/python3.7/site-packages/airflow/models/dagbag.py", line 339, in parse
    loader.exec_module(new_module)
  File "<frozen importlib._bootstrap_external>", line 728, in exec_module
  File "<frozen importlib._bootstrap>", line 219, in _call_with_frames_removed
  File "/opt/airflow/dags/get_hotsongs.py", line 5, in <module>
    import billboard
ModuleNotFoundError: No module named 'billboard'
[2022-12-29T11:25:50.986+0000] {processor.py:755} WARNING - No viable dags retrieved from /opt/airflow/dags/get_hotsongs.py
[2022-12-29T11:25:51.010+0000] {processor.py:175} INFO - Processing /opt/airflow/dags/get_hotsongs.py took 0.055 seconds
[2022-12-29T11:26:21.335+0000] {processor.py:153} INFO - Started process (PID=462) to work on /opt/airflow/dags/get_hotsongs.py
[2022-12-29T11:26:21.348+0000] {processor.py:743} INFO - Processing file /opt/airflow/dags/get_hotsongs.py for tasks to queue
[2022-12-29T11:26:21.349+0000] {logging_mixin.py:137} INFO - [2022-12-29T11:26:21.349+0000] {dagbag.py:538} INFO - Filling up the DagBag from /opt/airflow/dags/get_hotsongs.py
[2022-12-29T11:26:21.360+0000] {logging_mixin.py:137} INFO - [2022-12-29T11:26:21.359+0000] {dagbag.py:343} ERROR - Failed to import: /opt/airflow/dags/get_hotsongs.py
Traceback (most recent call last):
  File "/home/airflow/.local/lib/python3.7/site-packages/airflow/models/dagbag.py", line 339, in parse
    loader.exec_module(new_module)
  File "<frozen importlib._bootstrap_external>", line 728, in exec_module
  File "<frozen importlib._bootstrap>", line 219, in _call_with_frames_removed
  File "/opt/airflow/dags/get_hotsongs.py", line 5, in <module>
    import billboard
ModuleNotFoundError: No module named 'billboard'
[2022-12-29T11:26:21.360+0000] {processor.py:755} WARNING - No viable dags retrieved from /opt/airflow/dags/get_hotsongs.py
[2022-12-29T11:26:21.390+0000] {processor.py:175} INFO - Processing /opt/airflow/dags/get_hotsongs.py took 0.062 seconds
[2022-12-29T11:26:51.624+0000] {processor.py:153} INFO - Started process (PID=495) to work on /opt/airflow/dags/get_hotsongs.py
[2022-12-29T11:26:51.635+0000] {processor.py:743} INFO - Processing file /opt/airflow/dags/get_hotsongs.py for tasks to queue
[2022-12-29T11:26:51.636+0000] {logging_mixin.py:137} INFO - [2022-12-29T11:26:51.636+0000] {dagbag.py:538} INFO - Filling up the DagBag from /opt/airflow/dags/get_hotsongs.py
[2022-12-29T11:26:51.651+0000] {logging_mixin.py:137} INFO - [2022-12-29T11:26:51.649+0000] {dagbag.py:343} ERROR - Failed to import: /opt/airflow/dags/get_hotsongs.py
Traceback (most recent call last):
  File "/home/airflow/.local/lib/python3.7/site-packages/airflow/models/dagbag.py", line 339, in parse
    loader.exec_module(new_module)
  File "<frozen importlib._bootstrap_external>", line 728, in exec_module
  File "<frozen importlib._bootstrap>", line 219, in _call_with_frames_removed
  File "/opt/airflow/dags/get_hotsongs.py", line 5, in <module>
    import billboard
ModuleNotFoundError: No module named 'billboard'
[2022-12-29T11:26:51.651+0000] {processor.py:755} WARNING - No viable dags retrieved from /opt/airflow/dags/get_hotsongs.py
[2022-12-29T11:26:51.686+0000] {processor.py:175} INFO - Processing /opt/airflow/dags/get_hotsongs.py took 0.066 seconds
[2022-12-29T11:27:22.065+0000] {processor.py:153} INFO - Started process (PID=538) to work on /opt/airflow/dags/get_hotsongs.py
[2022-12-29T11:27:22.077+0000] {processor.py:743} INFO - Processing file /opt/airflow/dags/get_hotsongs.py for tasks to queue
[2022-12-29T11:27:22.078+0000] {logging_mixin.py:137} INFO - [2022-12-29T11:27:22.078+0000] {dagbag.py:538} INFO - Filling up the DagBag from /opt/airflow/dags/get_hotsongs.py
[2022-12-29T11:27:22.093+0000] {logging_mixin.py:137} INFO - [2022-12-29T11:27:22.092+0000] {dagbag.py:343} ERROR - Failed to import: /opt/airflow/dags/get_hotsongs.py
Traceback (most recent call last):
  File "/home/airflow/.local/lib/python3.7/site-packages/airflow/models/dagbag.py", line 339, in parse
    loader.exec_module(new_module)
  File "<frozen importlib._bootstrap_external>", line 728, in exec_module
  File "<frozen importlib._bootstrap>", line 219, in _call_with_frames_removed
  File "/opt/airflow/dags/get_hotsongs.py", line 5, in <module>
    import billboard
ModuleNotFoundError: No module named 'billboard'
[2022-12-29T11:27:22.094+0000] {processor.py:755} WARNING - No viable dags retrieved from /opt/airflow/dags/get_hotsongs.py
[2022-12-29T11:27:22.137+0000] {processor.py:175} INFO - Processing /opt/airflow/dags/get_hotsongs.py took 0.079 seconds
[2022-12-29T11:27:52.428+0000] {processor.py:153} INFO - Started process (PID=575) to work on /opt/airflow/dags/get_hotsongs.py
[2022-12-29T11:27:52.440+0000] {processor.py:743} INFO - Processing file /opt/airflow/dags/get_hotsongs.py for tasks to queue
[2022-12-29T11:27:52.441+0000] {logging_mixin.py:137} INFO - [2022-12-29T11:27:52.441+0000] {dagbag.py:538} INFO - Filling up the DagBag from /opt/airflow/dags/get_hotsongs.py
[2022-12-29T11:27:52.457+0000] {logging_mixin.py:137} INFO - [2022-12-29T11:27:52.456+0000] {dagbag.py:343} ERROR - Failed to import: /opt/airflow/dags/get_hotsongs.py
Traceback (most recent call last):
  File "/home/airflow/.local/lib/python3.7/site-packages/airflow/models/dagbag.py", line 339, in parse
    loader.exec_module(new_module)
  File "<frozen importlib._bootstrap_external>", line 728, in exec_module
  File "<frozen importlib._bootstrap>", line 219, in _call_with_frames_removed
  File "/opt/airflow/dags/get_hotsongs.py", line 5, in <module>
    import billboard
ModuleNotFoundError: No module named 'billboard'
[2022-12-29T11:27:52.458+0000] {processor.py:755} WARNING - No viable dags retrieved from /opt/airflow/dags/get_hotsongs.py
[2022-12-29T11:27:52.503+0000] {processor.py:175} INFO - Processing /opt/airflow/dags/get_hotsongs.py took 0.080 seconds
[2022-12-29T11:28:22.848+0000] {processor.py:153} INFO - Started process (PID=610) to work on /opt/airflow/dags/get_hotsongs.py
[2022-12-29T11:28:22.853+0000] {processor.py:743} INFO - Processing file /opt/airflow/dags/get_hotsongs.py for tasks to queue
[2022-12-29T11:28:22.854+0000] {logging_mixin.py:137} INFO - [2022-12-29T11:28:22.853+0000] {dagbag.py:538} INFO - Filling up the DagBag from /opt/airflow/dags/get_hotsongs.py
[2022-12-29T11:28:22.863+0000] {logging_mixin.py:137} INFO - [2022-12-29T11:28:22.862+0000] {dagbag.py:343} ERROR - Failed to import: /opt/airflow/dags/get_hotsongs.py
Traceback (most recent call last):
  File "/home/airflow/.local/lib/python3.7/site-packages/airflow/models/dagbag.py", line 339, in parse
    loader.exec_module(new_module)
  File "<frozen importlib._bootstrap_external>", line 728, in exec_module
  File "<frozen importlib._bootstrap>", line 219, in _call_with_frames_removed
  File "/opt/airflow/dags/get_hotsongs.py", line 5, in <module>
    import billboard
ModuleNotFoundError: No module named 'billboard'
[2022-12-29T11:28:22.864+0000] {processor.py:755} WARNING - No viable dags retrieved from /opt/airflow/dags/get_hotsongs.py
[2022-12-29T11:28:22.893+0000] {processor.py:175} INFO - Processing /opt/airflow/dags/get_hotsongs.py took 0.051 seconds
[2022-12-29T11:28:53.211+0000] {processor.py:153} INFO - Started process (PID=643) to work on /opt/airflow/dags/get_hotsongs.py
[2022-12-29T11:28:53.224+0000] {processor.py:743} INFO - Processing file /opt/airflow/dags/get_hotsongs.py for tasks to queue
[2022-12-29T11:28:53.225+0000] {logging_mixin.py:137} INFO - [2022-12-29T11:28:53.225+0000] {dagbag.py:538} INFO - Filling up the DagBag from /opt/airflow/dags/get_hotsongs.py
[2022-12-29T11:28:53.239+0000] {logging_mixin.py:137} INFO - [2022-12-29T11:28:53.237+0000] {dagbag.py:343} ERROR - Failed to import: /opt/airflow/dags/get_hotsongs.py
Traceback (most recent call last):
  File "/home/airflow/.local/lib/python3.7/site-packages/airflow/models/dagbag.py", line 339, in parse
    loader.exec_module(new_module)
  File "<frozen importlib._bootstrap_external>", line 728, in exec_module
  File "<frozen importlib._bootstrap>", line 219, in _call_with_frames_removed
  File "/opt/airflow/dags/get_hotsongs.py", line 5, in <module>
    import billboard
ModuleNotFoundError: No module named 'billboard'
[2022-12-29T11:28:53.240+0000] {processor.py:755} WARNING - No viable dags retrieved from /opt/airflow/dags/get_hotsongs.py
[2022-12-29T11:28:53.267+0000] {processor.py:175} INFO - Processing /opt/airflow/dags/get_hotsongs.py took 0.063 seconds
[2022-12-29T11:29:23.569+0000] {processor.py:153} INFO - Started process (PID=678) to work on /opt/airflow/dags/get_hotsongs.py
[2022-12-29T11:29:23.571+0000] {processor.py:743} INFO - Processing file /opt/airflow/dags/get_hotsongs.py for tasks to queue
[2022-12-29T11:29:23.572+0000] {logging_mixin.py:137} INFO - [2022-12-29T11:29:23.572+0000] {dagbag.py:538} INFO - Filling up the DagBag from /opt/airflow/dags/get_hotsongs.py
[2022-12-29T11:29:23.583+0000] {logging_mixin.py:137} INFO - [2022-12-29T11:29:23.582+0000] {dagbag.py:343} ERROR - Failed to import: /opt/airflow/dags/get_hotsongs.py
Traceback (most recent call last):
  File "/home/airflow/.local/lib/python3.7/site-packages/airflow/models/dagbag.py", line 339, in parse
    loader.exec_module(new_module)
  File "<frozen importlib._bootstrap_external>", line 728, in exec_module
  File "<frozen importlib._bootstrap>", line 219, in _call_with_frames_removed
  File "/opt/airflow/dags/get_hotsongs.py", line 5, in <module>
    import billboard
ModuleNotFoundError: No module named 'billboard'
[2022-12-29T11:29:23.584+0000] {processor.py:755} WARNING - No viable dags retrieved from /opt/airflow/dags/get_hotsongs.py
[2022-12-29T11:29:23.612+0000] {processor.py:175} INFO - Processing /opt/airflow/dags/get_hotsongs.py took 0.052 seconds
[2022-12-29T11:29:53.914+0000] {processor.py:153} INFO - Started process (PID=724) to work on /opt/airflow/dags/get_hotsongs.py
[2022-12-29T11:29:53.927+0000] {processor.py:743} INFO - Processing file /opt/airflow/dags/get_hotsongs.py for tasks to queue
[2022-12-29T11:29:53.928+0000] {logging_mixin.py:137} INFO - [2022-12-29T11:29:53.928+0000] {dagbag.py:538} INFO - Filling up the DagBag from /opt/airflow/dags/get_hotsongs.py
[2022-12-29T11:29:53.941+0000] {logging_mixin.py:137} INFO - [2022-12-29T11:29:53.940+0000] {dagbag.py:343} ERROR - Failed to import: /opt/airflow/dags/get_hotsongs.py
Traceback (most recent call last):
  File "/home/airflow/.local/lib/python3.7/site-packages/airflow/models/dagbag.py", line 339, in parse
    loader.exec_module(new_module)
  File "<frozen importlib._bootstrap_external>", line 728, in exec_module
  File "<frozen importlib._bootstrap>", line 219, in _call_with_frames_removed
  File "/opt/airflow/dags/get_hotsongs.py", line 5, in <module>
    import billboard
ModuleNotFoundError: No module named 'billboard'
[2022-12-29T11:29:53.942+0000] {processor.py:755} WARNING - No viable dags retrieved from /opt/airflow/dags/get_hotsongs.py
[2022-12-29T11:29:53.980+0000] {processor.py:175} INFO - Processing /opt/airflow/dags/get_hotsongs.py took 0.071 seconds
[2022-12-29T11:30:24.284+0000] {processor.py:153} INFO - Started process (PID=758) to work on /opt/airflow/dags/get_hotsongs.py
[2022-12-29T11:30:24.508+0000] {processor.py:743} INFO - Processing file /opt/airflow/dags/get_hotsongs.py for tasks to queue
[2022-12-29T11:30:24.512+0000] {logging_mixin.py:137} INFO - [2022-12-29T11:30:24.511+0000] {dagbag.py:538} INFO - Filling up the DagBag from /opt/airflow/dags/get_hotsongs.py
[2022-12-29T11:30:24.547+0000] {logging_mixin.py:137} INFO - [2022-12-29T11:30:24.545+0000] {dagbag.py:343} ERROR - Failed to import: /opt/airflow/dags/get_hotsongs.py
Traceback (most recent call last):
  File "/home/airflow/.local/lib/python3.7/site-packages/airflow/models/dagbag.py", line 339, in parse
    loader.exec_module(new_module)
  File "<frozen importlib._bootstrap_external>", line 728, in exec_module
  File "<frozen importlib._bootstrap>", line 219, in _call_with_frames_removed
  File "/opt/airflow/dags/get_hotsongs.py", line 5, in <module>
    import billboard
ModuleNotFoundError: No module named 'billboard'
[2022-12-29T11:30:24.548+0000] {processor.py:755} WARNING - No viable dags retrieved from /opt/airflow/dags/get_hotsongs.py
[2022-12-29T11:30:24.580+0000] {processor.py:175} INFO - Processing /opt/airflow/dags/get_hotsongs.py took 0.304 seconds
[2022-12-29T11:30:54.913+0000] {processor.py:153} INFO - Started process (PID=791) to work on /opt/airflow/dags/get_hotsongs.py
[2022-12-29T11:30:54.925+0000] {processor.py:743} INFO - Processing file /opt/airflow/dags/get_hotsongs.py for tasks to queue
[2022-12-29T11:30:54.926+0000] {logging_mixin.py:137} INFO - [2022-12-29T11:30:54.926+0000] {dagbag.py:538} INFO - Filling up the DagBag from /opt/airflow/dags/get_hotsongs.py
[2022-12-29T11:30:54.936+0000] {logging_mixin.py:137} INFO - [2022-12-29T11:30:54.935+0000] {dagbag.py:343} ERROR - Failed to import: /opt/airflow/dags/get_hotsongs.py
Traceback (most recent call last):
  File "/home/airflow/.local/lib/python3.7/site-packages/airflow/models/dagbag.py", line 339, in parse
    loader.exec_module(new_module)
  File "<frozen importlib._bootstrap_external>", line 728, in exec_module
  File "<frozen importlib._bootstrap>", line 219, in _call_with_frames_removed
  File "/opt/airflow/dags/get_hotsongs.py", line 5, in <module>
    import billboard
ModuleNotFoundError: No module named 'billboard'
[2022-12-29T11:30:54.936+0000] {processor.py:755} WARNING - No viable dags retrieved from /opt/airflow/dags/get_hotsongs.py
[2022-12-29T11:30:54.964+0000] {processor.py:175} INFO - Processing /opt/airflow/dags/get_hotsongs.py took 0.057 seconds
[2022-12-29T11:31:25.262+0000] {processor.py:153} INFO - Started process (PID=826) to work on /opt/airflow/dags/get_hotsongs.py
[2022-12-29T11:31:25.263+0000] {processor.py:743} INFO - Processing file /opt/airflow/dags/get_hotsongs.py for tasks to queue
[2022-12-29T11:31:25.264+0000] {logging_mixin.py:137} INFO - [2022-12-29T11:31:25.264+0000] {dagbag.py:538} INFO - Filling up the DagBag from /opt/airflow/dags/get_hotsongs.py
[2022-12-29T11:31:25.275+0000] {logging_mixin.py:137} INFO - [2022-12-29T11:31:25.274+0000] {dagbag.py:343} ERROR - Failed to import: /opt/airflow/dags/get_hotsongs.py
Traceback (most recent call last):
  File "/home/airflow/.local/lib/python3.7/site-packages/airflow/models/dagbag.py", line 339, in parse
    loader.exec_module(new_module)
  File "<frozen importlib._bootstrap_external>", line 728, in exec_module
  File "<frozen importlib._bootstrap>", line 219, in _call_with_frames_removed
  File "/opt/airflow/dags/get_hotsongs.py", line 5, in <module>
    import billboard
ModuleNotFoundError: No module named 'billboard'
[2022-12-29T11:31:25.275+0000] {processor.py:755} WARNING - No viable dags retrieved from /opt/airflow/dags/get_hotsongs.py
[2022-12-29T11:31:25.300+0000] {processor.py:175} INFO - Processing /opt/airflow/dags/get_hotsongs.py took 0.047 seconds
[2022-12-29T11:31:55.596+0000] {processor.py:153} INFO - Started process (PID=868) to work on /opt/airflow/dags/get_hotsongs.py
[2022-12-29T11:31:55.609+0000] {processor.py:743} INFO - Processing file /opt/airflow/dags/get_hotsongs.py for tasks to queue
[2022-12-29T11:31:55.612+0000] {logging_mixin.py:137} INFO - [2022-12-29T11:31:55.611+0000] {dagbag.py:538} INFO - Filling up the DagBag from /opt/airflow/dags/get_hotsongs.py
[2022-12-29T11:31:55.626+0000] {logging_mixin.py:137} INFO - [2022-12-29T11:31:55.624+0000] {dagbag.py:343} ERROR - Failed to import: /opt/airflow/dags/get_hotsongs.py
Traceback (most recent call last):
  File "/home/airflow/.local/lib/python3.7/site-packages/airflow/models/dagbag.py", line 339, in parse
    loader.exec_module(new_module)
  File "<frozen importlib._bootstrap_external>", line 728, in exec_module
  File "<frozen importlib._bootstrap>", line 219, in _call_with_frames_removed
  File "/opt/airflow/dags/get_hotsongs.py", line 5, in <module>
    import billboard
ModuleNotFoundError: No module named 'billboard'
[2022-12-29T11:31:55.627+0000] {processor.py:755} WARNING - No viable dags retrieved from /opt/airflow/dags/get_hotsongs.py
[2022-12-29T11:31:55.667+0000] {processor.py:175} INFO - Processing /opt/airflow/dags/get_hotsongs.py took 0.079 seconds
[2022-12-29T11:32:25.945+0000] {processor.py:153} INFO - Started process (PID=906) to work on /opt/airflow/dags/get_hotsongs.py
[2022-12-29T11:32:25.957+0000] {processor.py:743} INFO - Processing file /opt/airflow/dags/get_hotsongs.py for tasks to queue
[2022-12-29T11:32:25.958+0000] {logging_mixin.py:137} INFO - [2022-12-29T11:32:25.958+0000] {dagbag.py:538} INFO - Filling up the DagBag from /opt/airflow/dags/get_hotsongs.py
[2022-12-29T11:32:25.968+0000] {logging_mixin.py:137} INFO - [2022-12-29T11:32:25.967+0000] {dagbag.py:343} ERROR - Failed to import: /opt/airflow/dags/get_hotsongs.py
Traceback (most recent call last):
  File "/home/airflow/.local/lib/python3.7/site-packages/airflow/models/dagbag.py", line 339, in parse
    loader.exec_module(new_module)
  File "<frozen importlib._bootstrap_external>", line 728, in exec_module
  File "<frozen importlib._bootstrap>", line 219, in _call_with_frames_removed
  File "/opt/airflow/dags/get_hotsongs.py", line 5, in <module>
    import billboard
ModuleNotFoundError: No module named 'billboard'
[2022-12-29T11:32:25.968+0000] {processor.py:755} WARNING - No viable dags retrieved from /opt/airflow/dags/get_hotsongs.py
[2022-12-29T11:32:25.995+0000] {processor.py:175} INFO - Processing /opt/airflow/dags/get_hotsongs.py took 0.056 seconds
[2022-12-29T11:32:56.274+0000] {processor.py:153} INFO - Started process (PID=941) to work on /opt/airflow/dags/get_hotsongs.py
[2022-12-29T11:32:56.275+0000] {processor.py:743} INFO - Processing file /opt/airflow/dags/get_hotsongs.py for tasks to queue
[2022-12-29T11:32:56.275+0000] {logging_mixin.py:137} INFO - [2022-12-29T11:32:56.275+0000] {dagbag.py:538} INFO - Filling up the DagBag from /opt/airflow/dags/get_hotsongs.py
[2022-12-29T11:32:56.285+0000] {logging_mixin.py:137} INFO - [2022-12-29T11:32:56.284+0000] {dagbag.py:343} ERROR - Failed to import: /opt/airflow/dags/get_hotsongs.py
Traceback (most recent call last):
  File "/home/airflow/.local/lib/python3.7/site-packages/airflow/models/dagbag.py", line 339, in parse
    loader.exec_module(new_module)
  File "<frozen importlib._bootstrap_external>", line 728, in exec_module
  File "<frozen importlib._bootstrap>", line 219, in _call_with_frames_removed
  File "/opt/airflow/dags/get_hotsongs.py", line 5, in <module>
    import billboard
ModuleNotFoundError: No module named 'billboard'
[2022-12-29T11:32:56.285+0000] {processor.py:755} WARNING - No viable dags retrieved from /opt/airflow/dags/get_hotsongs.py
[2022-12-29T11:32:56.315+0000] {processor.py:175} INFO - Processing /opt/airflow/dags/get_hotsongs.py took 0.048 seconds
[2022-12-29T11:33:26.626+0000] {processor.py:153} INFO - Started process (PID=976) to work on /opt/airflow/dags/get_hotsongs.py
[2022-12-29T11:33:26.639+0000] {processor.py:743} INFO - Processing file /opt/airflow/dags/get_hotsongs.py for tasks to queue
[2022-12-29T11:33:26.640+0000] {logging_mixin.py:137} INFO - [2022-12-29T11:33:26.640+0000] {dagbag.py:538} INFO - Filling up the DagBag from /opt/airflow/dags/get_hotsongs.py
[2022-12-29T11:33:26.649+0000] {logging_mixin.py:137} INFO - [2022-12-29T11:33:26.648+0000] {dagbag.py:343} ERROR - Failed to import: /opt/airflow/dags/get_hotsongs.py
Traceback (most recent call last):
  File "/home/airflow/.local/lib/python3.7/site-packages/airflow/models/dagbag.py", line 339, in parse
    loader.exec_module(new_module)
  File "<frozen importlib._bootstrap_external>", line 728, in exec_module
  File "<frozen importlib._bootstrap>", line 219, in _call_with_frames_removed
  File "/opt/airflow/dags/get_hotsongs.py", line 5, in <module>
    import billboard
ModuleNotFoundError: No module named 'billboard'
[2022-12-29T11:33:26.650+0000] {processor.py:755} WARNING - No viable dags retrieved from /opt/airflow/dags/get_hotsongs.py
[2022-12-29T11:33:26.677+0000] {processor.py:175} INFO - Processing /opt/airflow/dags/get_hotsongs.py took 0.056 seconds
[2022-12-29T11:33:56.976+0000] {processor.py:153} INFO - Started process (PID=1009) to work on /opt/airflow/dags/get_hotsongs.py
[2022-12-29T11:33:56.977+0000] {processor.py:743} INFO - Processing file /opt/airflow/dags/get_hotsongs.py for tasks to queue
[2022-12-29T11:33:56.978+0000] {logging_mixin.py:137} INFO - [2022-12-29T11:33:56.977+0000] {dagbag.py:538} INFO - Filling up the DagBag from /opt/airflow/dags/get_hotsongs.py
[2022-12-29T11:33:56.988+0000] {logging_mixin.py:137} INFO - [2022-12-29T11:33:56.987+0000] {dagbag.py:343} ERROR - Failed to import: /opt/airflow/dags/get_hotsongs.py
Traceback (most recent call last):
  File "/home/airflow/.local/lib/python3.7/site-packages/airflow/models/dagbag.py", line 339, in parse
    loader.exec_module(new_module)
  File "<frozen importlib._bootstrap_external>", line 728, in exec_module
  File "<frozen importlib._bootstrap>", line 219, in _call_with_frames_removed
  File "/opt/airflow/dags/get_hotsongs.py", line 5, in <module>
    import billboard
ModuleNotFoundError: No module named 'billboard'
[2022-12-29T11:33:56.989+0000] {processor.py:755} WARNING - No viable dags retrieved from /opt/airflow/dags/get_hotsongs.py
[2022-12-29T11:33:57.020+0000] {processor.py:175} INFO - Processing /opt/airflow/dags/get_hotsongs.py took 0.053 seconds
