[2022-12-27T13:57:05.006+0000] {processor.py:153} INFO - Started process (PID=178) to work on /opt/airflow/dags/first_dag.py
[2022-12-27T13:57:05.007+0000] {processor.py:743} INFO - Processing file /opt/airflow/dags/first_dag.py for tasks to queue
[2022-12-27T13:57:05.008+0000] {logging_mixin.py:137} INFO - [2022-12-27T13:57:05.007+0000] {dagbag.py:538} INFO - Filling up the DagBag from /opt/airflow/dags/first_dag.py
[2022-12-27T13:57:05.016+0000] {logging_mixin.py:137} INFO - [2022-12-27T13:57:05.014+0000] {dagbag.py:343} ERROR - Failed to import: /opt/airflow/dags/first_dag.py
Traceback (most recent call last):
  File "/home/airflow/.local/lib/python3.7/site-packages/airflow/models/dagbag.py", line 339, in parse
    loader.exec_module(new_module)
  File "<frozen importlib._bootstrap_external>", line 728, in exec_module
  File "<frozen importlib._bootstrap>", line 219, in _call_with_frames_removed
  File "/opt/airflow/dags/first_dag.py", line 3, in <module>
    from airflow.operators import BashOperator
ImportError: cannot import name 'BashOperator' from 'airflow.operators' (/home/airflow/.local/lib/python3.7/site-packages/airflow/operators/__init__.py)
[2022-12-27T13:57:05.017+0000] {processor.py:755} WARNING - No viable dags retrieved from /opt/airflow/dags/first_dag.py
[2022-12-27T13:57:05.044+0000] {processor.py:175} INFO - Processing /opt/airflow/dags/first_dag.py took 0.043 seconds
[2022-12-27T13:57:35.243+0000] {processor.py:153} INFO - Started process (PID=207) to work on /opt/airflow/dags/first_dag.py
[2022-12-27T13:57:35.244+0000] {processor.py:743} INFO - Processing file /opt/airflow/dags/first_dag.py for tasks to queue
[2022-12-27T13:57:35.245+0000] {logging_mixin.py:137} INFO - [2022-12-27T13:57:35.245+0000] {dagbag.py:538} INFO - Filling up the DagBag from /opt/airflow/dags/first_dag.py
[2022-12-27T13:57:35.250+0000] {logging_mixin.py:137} INFO - [2022-12-27T13:57:35.249+0000] {dagbag.py:343} ERROR - Failed to import: /opt/airflow/dags/first_dag.py
Traceback (most recent call last):
  File "/home/airflow/.local/lib/python3.7/site-packages/airflow/models/dagbag.py", line 339, in parse
    loader.exec_module(new_module)
  File "<frozen importlib._bootstrap_external>", line 728, in exec_module
  File "<frozen importlib._bootstrap>", line 219, in _call_with_frames_removed
  File "/opt/airflow/dags/first_dag.py", line 3, in <module>
    from airflow.operators import BashOperator
ImportError: cannot import name 'BashOperator' from 'airflow.operators' (/home/airflow/.local/lib/python3.7/site-packages/airflow/operators/__init__.py)
[2022-12-27T13:57:35.250+0000] {processor.py:755} WARNING - No viable dags retrieved from /opt/airflow/dags/first_dag.py
[2022-12-27T13:57:35.278+0000] {processor.py:175} INFO - Processing /opt/airflow/dags/first_dag.py took 0.039 seconds
[2022-12-27T13:58:05.500+0000] {processor.py:153} INFO - Started process (PID=237) to work on /opt/airflow/dags/first_dag.py
[2022-12-27T13:58:05.512+0000] {processor.py:743} INFO - Processing file /opt/airflow/dags/first_dag.py for tasks to queue
[2022-12-27T13:58:05.512+0000] {logging_mixin.py:137} INFO - [2022-12-27T13:58:05.512+0000] {dagbag.py:538} INFO - Filling up the DagBag from /opt/airflow/dags/first_dag.py
[2022-12-27T13:58:05.516+0000] {logging_mixin.py:137} INFO - [2022-12-27T13:58:05.515+0000] {dagbag.py:343} ERROR - Failed to import: /opt/airflow/dags/first_dag.py
Traceback (most recent call last):
  File "/home/airflow/.local/lib/python3.7/site-packages/airflow/models/dagbag.py", line 339, in parse
    loader.exec_module(new_module)
  File "<frozen importlib._bootstrap_external>", line 728, in exec_module
  File "<frozen importlib._bootstrap>", line 219, in _call_with_frames_removed
  File "/opt/airflow/dags/first_dag.py", line 3, in <module>
    from airflow.operators import BashOperator
ImportError: cannot import name 'BashOperator' from 'airflow.operators' (/home/airflow/.local/lib/python3.7/site-packages/airflow/operators/__init__.py)
[2022-12-27T13:58:05.517+0000] {processor.py:755} WARNING - No viable dags retrieved from /opt/airflow/dags/first_dag.py
[2022-12-27T13:58:05.540+0000] {processor.py:175} INFO - Processing /opt/airflow/dags/first_dag.py took 0.044 seconds
[2022-12-27T13:58:35.725+0000] {processor.py:153} INFO - Started process (PID=275) to work on /opt/airflow/dags/first_dag.py
[2022-12-27T13:58:35.726+0000] {processor.py:743} INFO - Processing file /opt/airflow/dags/first_dag.py for tasks to queue
[2022-12-27T13:58:35.727+0000] {logging_mixin.py:137} INFO - [2022-12-27T13:58:35.727+0000] {dagbag.py:538} INFO - Filling up the DagBag from /opt/airflow/dags/first_dag.py
[2022-12-27T13:58:35.731+0000] {logging_mixin.py:137} INFO - [2022-12-27T13:58:35.730+0000] {dagbag.py:343} ERROR - Failed to import: /opt/airflow/dags/first_dag.py
Traceback (most recent call last):
  File "/home/airflow/.local/lib/python3.7/site-packages/airflow/models/dagbag.py", line 339, in parse
    loader.exec_module(new_module)
  File "<frozen importlib._bootstrap_external>", line 728, in exec_module
  File "<frozen importlib._bootstrap>", line 219, in _call_with_frames_removed
  File "/opt/airflow/dags/first_dag.py", line 3, in <module>
    from airflow.operators import BashOperator
ImportError: cannot import name 'BashOperator' from 'airflow.operators' (/home/airflow/.local/lib/python3.7/site-packages/airflow/operators/__init__.py)
[2022-12-27T13:58:35.731+0000] {processor.py:755} WARNING - No viable dags retrieved from /opt/airflow/dags/first_dag.py
[2022-12-27T13:58:35.756+0000] {processor.py:175} INFO - Processing /opt/airflow/dags/first_dag.py took 0.035 seconds
[2022-12-27T13:59:06.056+0000] {processor.py:153} INFO - Started process (PID=307) to work on /opt/airflow/dags/first_dag.py
[2022-12-27T13:59:06.057+0000] {processor.py:743} INFO - Processing file /opt/airflow/dags/first_dag.py for tasks to queue
[2022-12-27T13:59:06.058+0000] {logging_mixin.py:137} INFO - [2022-12-27T13:59:06.058+0000] {dagbag.py:538} INFO - Filling up the DagBag from /opt/airflow/dags/first_dag.py
[2022-12-27T13:59:06.064+0000] {logging_mixin.py:137} INFO - [2022-12-27T13:59:06.062+0000] {dagbag.py:343} ERROR - Failed to import: /opt/airflow/dags/first_dag.py
Traceback (most recent call last):
  File "/home/airflow/.local/lib/python3.7/site-packages/airflow/models/dagbag.py", line 339, in parse
    loader.exec_module(new_module)
  File "<frozen importlib._bootstrap_external>", line 728, in exec_module
  File "<frozen importlib._bootstrap>", line 219, in _call_with_frames_removed
  File "/opt/airflow/dags/first_dag.py", line 3, in <module>
    from airflow.operators import BashOperator
ImportError: cannot import name 'BashOperator' from 'airflow.operators' (/home/airflow/.local/lib/python3.7/site-packages/airflow/operators/__init__.py)
[2022-12-27T13:59:06.064+0000] {processor.py:755} WARNING - No viable dags retrieved from /opt/airflow/dags/first_dag.py
[2022-12-27T13:59:06.095+0000] {processor.py:175} INFO - Processing /opt/airflow/dags/first_dag.py took 0.045 seconds
[2022-12-27T13:59:36.334+0000] {processor.py:153} INFO - Started process (PID=336) to work on /opt/airflow/dags/first_dag.py
[2022-12-27T13:59:36.347+0000] {processor.py:743} INFO - Processing file /opt/airflow/dags/first_dag.py for tasks to queue
[2022-12-27T13:59:36.348+0000] {logging_mixin.py:137} INFO - [2022-12-27T13:59:36.348+0000] {dagbag.py:538} INFO - Filling up the DagBag from /opt/airflow/dags/first_dag.py
[2022-12-27T13:59:36.353+0000] {logging_mixin.py:137} INFO - [2022-12-27T13:59:36.352+0000] {dagbag.py:343} ERROR - Failed to import: /opt/airflow/dags/first_dag.py
Traceback (most recent call last):
  File "/home/airflow/.local/lib/python3.7/site-packages/airflow/models/dagbag.py", line 339, in parse
    loader.exec_module(new_module)
  File "<frozen importlib._bootstrap_external>", line 728, in exec_module
  File "<frozen importlib._bootstrap>", line 219, in _call_with_frames_removed
  File "/opt/airflow/dags/first_dag.py", line 3, in <module>
    from airflow.operators import BashOperator
ImportError: cannot import name 'BashOperator' from 'airflow.operators' (/home/airflow/.local/lib/python3.7/site-packages/airflow/operators/__init__.py)
[2022-12-27T13:59:36.353+0000] {processor.py:755} WARNING - No viable dags retrieved from /opt/airflow/dags/first_dag.py
[2022-12-27T13:59:36.382+0000] {processor.py:175} INFO - Processing /opt/airflow/dags/first_dag.py took 0.053 seconds
[2022-12-27T14:00:06.628+0000] {processor.py:153} INFO - Started process (PID=365) to work on /opt/airflow/dags/first_dag.py
[2022-12-27T14:00:06.629+0000] {processor.py:743} INFO - Processing file /opt/airflow/dags/first_dag.py for tasks to queue
[2022-12-27T14:00:06.630+0000] {logging_mixin.py:137} INFO - [2022-12-27T14:00:06.629+0000] {dagbag.py:538} INFO - Filling up the DagBag from /opt/airflow/dags/first_dag.py
[2022-12-27T14:00:06.635+0000] {logging_mixin.py:137} INFO - [2022-12-27T14:00:06.634+0000] {dagbag.py:343} ERROR - Failed to import: /opt/airflow/dags/first_dag.py
Traceback (most recent call last):
  File "/home/airflow/.local/lib/python3.7/site-packages/airflow/models/dagbag.py", line 339, in parse
    loader.exec_module(new_module)
  File "<frozen importlib._bootstrap_external>", line 728, in exec_module
  File "<frozen importlib._bootstrap>", line 219, in _call_with_frames_removed
  File "/opt/airflow/dags/first_dag.py", line 3, in <module>
    from airflow.operators import BashOperator
ImportError: cannot import name 'BashOperator' from 'airflow.operators' (/home/airflow/.local/lib/python3.7/site-packages/airflow/operators/__init__.py)
[2022-12-27T14:00:06.635+0000] {processor.py:755} WARNING - No viable dags retrieved from /opt/airflow/dags/first_dag.py
[2022-12-27T14:00:06.661+0000] {processor.py:175} INFO - Processing /opt/airflow/dags/first_dag.py took 0.040 seconds
[2022-12-27T14:00:36.918+0000] {processor.py:153} INFO - Started process (PID=394) to work on /opt/airflow/dags/first_dag.py
[2022-12-27T14:00:36.919+0000] {processor.py:743} INFO - Processing file /opt/airflow/dags/first_dag.py for tasks to queue
[2022-12-27T14:00:36.920+0000] {logging_mixin.py:137} INFO - [2022-12-27T14:00:36.920+0000] {dagbag.py:538} INFO - Filling up the DagBag from /opt/airflow/dags/first_dag.py
[2022-12-27T14:00:36.925+0000] {logging_mixin.py:137} INFO - [2022-12-27T14:00:36.923+0000] {dagbag.py:343} ERROR - Failed to import: /opt/airflow/dags/first_dag.py
Traceback (most recent call last):
  File "/home/airflow/.local/lib/python3.7/site-packages/airflow/models/dagbag.py", line 339, in parse
    loader.exec_module(new_module)
  File "<frozen importlib._bootstrap_external>", line 728, in exec_module
  File "<frozen importlib._bootstrap>", line 219, in _call_with_frames_removed
  File "/opt/airflow/dags/first_dag.py", line 3, in <module>
    from airflow.operators import BashOperator
ImportError: cannot import name 'BashOperator' from 'airflow.operators' (/home/airflow/.local/lib/python3.7/site-packages/airflow/operators/__init__.py)
[2022-12-27T14:00:36.925+0000] {processor.py:755} WARNING - No viable dags retrieved from /opt/airflow/dags/first_dag.py
[2022-12-27T14:00:36.951+0000] {processor.py:175} INFO - Processing /opt/airflow/dags/first_dag.py took 0.039 seconds
[2022-12-27T14:01:07.141+0000] {processor.py:153} INFO - Started process (PID=432) to work on /opt/airflow/dags/first_dag.py
[2022-12-27T14:01:07.142+0000] {processor.py:743} INFO - Processing file /opt/airflow/dags/first_dag.py for tasks to queue
[2022-12-27T14:01:07.142+0000] {logging_mixin.py:137} INFO - [2022-12-27T14:01:07.142+0000] {dagbag.py:538} INFO - Filling up the DagBag from /opt/airflow/dags/first_dag.py
[2022-12-27T14:01:07.146+0000] {logging_mixin.py:137} INFO - [2022-12-27T14:01:07.145+0000] {dagbag.py:343} ERROR - Failed to import: /opt/airflow/dags/first_dag.py
Traceback (most recent call last):
  File "/home/airflow/.local/lib/python3.7/site-packages/airflow/models/dagbag.py", line 339, in parse
    loader.exec_module(new_module)
  File "<frozen importlib._bootstrap_external>", line 728, in exec_module
  File "<frozen importlib._bootstrap>", line 219, in _call_with_frames_removed
  File "/opt/airflow/dags/first_dag.py", line 3, in <module>
    from airflow.operators import BashOperator
ImportError: cannot import name 'BashOperator' from 'airflow.operators' (/home/airflow/.local/lib/python3.7/site-packages/airflow/operators/__init__.py)
[2022-12-27T14:01:07.147+0000] {processor.py:755} WARNING - No viable dags retrieved from /opt/airflow/dags/first_dag.py
[2022-12-27T14:01:07.175+0000] {processor.py:175} INFO - Processing /opt/airflow/dags/first_dag.py took 0.038 seconds
[2022-12-27T14:01:37.409+0000] {processor.py:153} INFO - Started process (PID=465) to work on /opt/airflow/dags/first_dag.py
[2022-12-27T14:01:37.422+0000] {processor.py:743} INFO - Processing file /opt/airflow/dags/first_dag.py for tasks to queue
[2022-12-27T14:01:37.422+0000] {logging_mixin.py:137} INFO - [2022-12-27T14:01:37.422+0000] {dagbag.py:538} INFO - Filling up the DagBag from /opt/airflow/dags/first_dag.py
[2022-12-27T14:01:37.426+0000] {logging_mixin.py:137} INFO - [2022-12-27T14:01:37.425+0000] {dagbag.py:343} ERROR - Failed to import: /opt/airflow/dags/first_dag.py
Traceback (most recent call last):
  File "/home/airflow/.local/lib/python3.7/site-packages/airflow/models/dagbag.py", line 339, in parse
    loader.exec_module(new_module)
  File "<frozen importlib._bootstrap_external>", line 728, in exec_module
  File "<frozen importlib._bootstrap>", line 219, in _call_with_frames_removed
  File "/opt/airflow/dags/first_dag.py", line 3, in <module>
    from airflow.operators import BashOperator
ImportError: cannot import name 'BashOperator' from 'airflow.operators' (/home/airflow/.local/lib/python3.7/site-packages/airflow/operators/__init__.py)
[2022-12-27T14:01:37.427+0000] {processor.py:755} WARNING - No viable dags retrieved from /opt/airflow/dags/first_dag.py
[2022-12-27T14:01:37.456+0000] {processor.py:175} INFO - Processing /opt/airflow/dags/first_dag.py took 0.051 seconds
[2022-12-27T14:02:07.695+0000] {processor.py:153} INFO - Started process (PID=494) to work on /opt/airflow/dags/first_dag.py
[2022-12-27T14:02:07.695+0000] {processor.py:743} INFO - Processing file /opt/airflow/dags/first_dag.py for tasks to queue
[2022-12-27T14:02:07.696+0000] {logging_mixin.py:137} INFO - [2022-12-27T14:02:07.696+0000] {dagbag.py:538} INFO - Filling up the DagBag from /opt/airflow/dags/first_dag.py
[2022-12-27T14:02:07.701+0000] {logging_mixin.py:137} INFO - [2022-12-27T14:02:07.699+0000] {dagbag.py:343} ERROR - Failed to import: /opt/airflow/dags/first_dag.py
Traceback (most recent call last):
  File "/home/airflow/.local/lib/python3.7/site-packages/airflow/models/dagbag.py", line 339, in parse
    loader.exec_module(new_module)
  File "<frozen importlib._bootstrap_external>", line 728, in exec_module
  File "<frozen importlib._bootstrap>", line 219, in _call_with_frames_removed
  File "/opt/airflow/dags/first_dag.py", line 3, in <module>
    from airflow.operators import BashOperator
ImportError: cannot import name 'BashOperator' from 'airflow.operators' (/home/airflow/.local/lib/python3.7/site-packages/airflow/operators/__init__.py)
[2022-12-27T14:02:07.701+0000] {processor.py:755} WARNING - No viable dags retrieved from /opt/airflow/dags/first_dag.py
[2022-12-27T14:02:07.729+0000] {processor.py:175} INFO - Processing /opt/airflow/dags/first_dag.py took 0.040 seconds
[2022-12-27T14:02:38.040+0000] {processor.py:153} INFO - Started process (PID=522) to work on /opt/airflow/dags/first_dag.py
[2022-12-27T14:02:38.041+0000] {processor.py:743} INFO - Processing file /opt/airflow/dags/first_dag.py for tasks to queue
[2022-12-27T14:02:38.042+0000] {logging_mixin.py:137} INFO - [2022-12-27T14:02:38.042+0000] {dagbag.py:538} INFO - Filling up the DagBag from /opt/airflow/dags/first_dag.py
[2022-12-27T14:02:38.047+0000] {logging_mixin.py:137} INFO - [2022-12-27T14:02:38.046+0000] {dagbag.py:343} ERROR - Failed to import: /opt/airflow/dags/first_dag.py
Traceback (most recent call last):
  File "/home/airflow/.local/lib/python3.7/site-packages/airflow/models/dagbag.py", line 339, in parse
    loader.exec_module(new_module)
  File "<frozen importlib._bootstrap_external>", line 728, in exec_module
  File "<frozen importlib._bootstrap>", line 219, in _call_with_frames_removed
  File "/opt/airflow/dags/first_dag.py", line 3, in <module>
    from airflow.operators import BashOperator
ImportError: cannot import name 'BashOperator' from 'airflow.operators' (/home/airflow/.local/lib/python3.7/site-packages/airflow/operators/__init__.py)
[2022-12-27T14:02:38.048+0000] {processor.py:755} WARNING - No viable dags retrieved from /opt/airflow/dags/first_dag.py
[2022-12-27T14:02:38.072+0000] {processor.py:175} INFO - Processing /opt/airflow/dags/first_dag.py took 0.041 seconds
[2022-12-27T14:03:01.273+0000] {processor.py:153} INFO - Started process (PID=551) to work on /opt/airflow/dags/first_dag.py
[2022-12-27T14:03:01.274+0000] {processor.py:743} INFO - Processing file /opt/airflow/dags/first_dag.py for tasks to queue
[2022-12-27T14:03:01.275+0000] {logging_mixin.py:137} INFO - [2022-12-27T14:03:01.275+0000] {dagbag.py:538} INFO - Filling up the DagBag from /opt/airflow/dags/first_dag.py
[2022-12-27T14:03:01.292+0000] {logging_mixin.py:137} INFO - [2022-12-27T14:03:01.290+0000] {dagbag.py:343} ERROR - Failed to import: /opt/airflow/dags/first_dag.py
Traceback (most recent call last):
  File "/home/airflow/.local/lib/python3.7/site-packages/airflow/models/dagbag.py", line 339, in parse
    loader.exec_module(new_module)
  File "<frozen importlib._bootstrap_external>", line 728, in exec_module
  File "<frozen importlib._bootstrap>", line 219, in _call_with_frames_removed
  File "/opt/airflow/dags/first_dag.py", line 16, in <module>
    scheduler_interval='@daily'
TypeError: __init__() got an unexpected keyword argument 'scheduler_interval'
[2022-12-27T14:03:01.292+0000] {processor.py:755} WARNING - No viable dags retrieved from /opt/airflow/dags/first_dag.py
[2022-12-27T14:03:01.318+0000] {processor.py:175} INFO - Processing /opt/airflow/dags/first_dag.py took 0.049 seconds
[2022-12-27T14:03:31.548+0000] {processor.py:153} INFO - Started process (PID=580) to work on /opt/airflow/dags/first_dag.py
[2022-12-27T14:03:31.552+0000] {processor.py:743} INFO - Processing file /opt/airflow/dags/first_dag.py for tasks to queue
[2022-12-27T14:03:31.555+0000] {logging_mixin.py:137} INFO - [2022-12-27T14:03:31.554+0000] {dagbag.py:538} INFO - Filling up the DagBag from /opt/airflow/dags/first_dag.py
[2022-12-27T14:03:31.566+0000] {logging_mixin.py:137} INFO - [2022-12-27T14:03:31.564+0000] {dagbag.py:343} ERROR - Failed to import: /opt/airflow/dags/first_dag.py
Traceback (most recent call last):
  File "/home/airflow/.local/lib/python3.7/site-packages/airflow/models/dagbag.py", line 339, in parse
    loader.exec_module(new_module)
  File "<frozen importlib._bootstrap_external>", line 728, in exec_module
  File "<frozen importlib._bootstrap>", line 219, in _call_with_frames_removed
  File "/opt/airflow/dags/first_dag.py", line 16, in <module>
    scheduler_interval='@daily'
TypeError: __init__() got an unexpected keyword argument 'scheduler_interval'
[2022-12-27T14:03:31.567+0000] {processor.py:755} WARNING - No viable dags retrieved from /opt/airflow/dags/first_dag.py
[2022-12-27T14:03:31.599+0000] {processor.py:175} INFO - Processing /opt/airflow/dags/first_dag.py took 0.058 seconds
[2022-12-27T14:03:50.743+0000] {processor.py:153} INFO - Started process (PID=605) to work on /opt/airflow/dags/first_dag.py
[2022-12-27T14:03:50.744+0000] {processor.py:743} INFO - Processing file /opt/airflow/dags/first_dag.py for tasks to queue
[2022-12-27T14:03:50.746+0000] {logging_mixin.py:137} INFO - [2022-12-27T14:03:50.745+0000] {dagbag.py:538} INFO - Filling up the DagBag from /opt/airflow/dags/first_dag.py
[2022-12-27T14:03:50.794+0000] {processor.py:753} INFO - DAG(s) dict_keys(['first_dag']) retrieved from /opt/airflow/dags/first_dag.py
[2022-12-27T14:03:51.064+0000] {logging_mixin.py:137} INFO - [2022-12-27T14:03:51.064+0000] {manager.py:504} INFO - Created Permission View: can edit on DAG:first_dag
[2022-12-27T14:03:51.081+0000] {logging_mixin.py:137} INFO - [2022-12-27T14:03:51.081+0000] {manager.py:504} INFO - Created Permission View: can delete on DAG:first_dag
[2022-12-27T14:03:51.094+0000] {logging_mixin.py:137} INFO - [2022-12-27T14:03:51.094+0000] {manager.py:504} INFO - Created Permission View: can read on DAG:first_dag
[2022-12-27T14:03:51.094+0000] {logging_mixin.py:137} INFO - [2022-12-27T14:03:51.094+0000] {dag.py:2676} INFO - Sync 1 DAGs
[2022-12-27T14:03:51.119+0000] {logging_mixin.py:137} INFO - [2022-12-27T14:03:51.119+0000] {dag.py:2697} INFO - Creating ORM DAG for first_dag
[2022-12-27T14:03:51.142+0000] {logging_mixin.py:137} INFO - [2022-12-27T14:03:51.142+0000] {dag.py:3427} INFO - Setting next_dagrun for first_dag to 2022-12-27T00:00:00+00:00, run_after=2022-12-28T00:00:00+00:00
[2022-12-27T14:03:51.174+0000] {processor.py:175} INFO - Processing /opt/airflow/dags/first_dag.py took 0.436 seconds
[2022-12-27T14:04:21.420+0000] {processor.py:153} INFO - Started process (PID=637) to work on /opt/airflow/dags/first_dag.py
[2022-12-27T14:04:21.422+0000] {processor.py:743} INFO - Processing file /opt/airflow/dags/first_dag.py for tasks to queue
[2022-12-27T14:04:21.423+0000] {logging_mixin.py:137} INFO - [2022-12-27T14:04:21.423+0000] {dagbag.py:538} INFO - Filling up the DagBag from /opt/airflow/dags/first_dag.py
[2022-12-27T14:04:21.455+0000] {processor.py:753} INFO - DAG(s) dict_keys(['first_dag']) retrieved from /opt/airflow/dags/first_dag.py
[2022-12-27T14:04:21.542+0000] {logging_mixin.py:137} INFO - [2022-12-27T14:04:21.541+0000] {dag.py:2676} INFO - Sync 1 DAGs
[2022-12-27T14:04:21.613+0000] {logging_mixin.py:137} INFO - [2022-12-27T14:04:21.613+0000] {dag.py:3427} INFO - Setting next_dagrun for first_dag to 2022-12-27T00:00:00+00:00, run_after=2022-12-28T00:00:00+00:00
[2022-12-27T14:04:21.672+0000] {processor.py:175} INFO - Processing /opt/airflow/dags/first_dag.py took 0.257 seconds
[2022-12-27T14:04:51.911+0000] {processor.py:153} INFO - Started process (PID=666) to work on /opt/airflow/dags/first_dag.py
[2022-12-27T14:04:51.924+0000] {processor.py:743} INFO - Processing file /opt/airflow/dags/first_dag.py for tasks to queue
[2022-12-27T14:04:51.927+0000] {logging_mixin.py:137} INFO - [2022-12-27T14:04:51.927+0000] {dagbag.py:538} INFO - Filling up the DagBag from /opt/airflow/dags/first_dag.py
[2022-12-27T14:04:51.969+0000] {processor.py:753} INFO - DAG(s) dict_keys(['first_dag']) retrieved from /opt/airflow/dags/first_dag.py
[2022-12-27T14:04:52.015+0000] {logging_mixin.py:137} INFO - [2022-12-27T14:04:52.015+0000] {dag.py:2676} INFO - Sync 1 DAGs
[2022-12-27T14:04:52.049+0000] {logging_mixin.py:137} INFO - [2022-12-27T14:04:52.049+0000] {dag.py:3427} INFO - Setting next_dagrun for first_dag to 2022-12-27T00:00:00+00:00, run_after=2022-12-28T00:00:00+00:00
[2022-12-27T14:04:52.076+0000] {processor.py:175} INFO - Processing /opt/airflow/dags/first_dag.py took 0.170 seconds
[2022-12-27T14:05:22.159+0000] {processor.py:153} INFO - Started process (PID=695) to work on /opt/airflow/dags/first_dag.py
[2022-12-27T14:05:22.172+0000] {processor.py:743} INFO - Processing file /opt/airflow/dags/first_dag.py for tasks to queue
[2022-12-27T14:05:22.173+0000] {logging_mixin.py:137} INFO - [2022-12-27T14:05:22.173+0000] {dagbag.py:538} INFO - Filling up the DagBag from /opt/airflow/dags/first_dag.py
[2022-12-27T14:05:22.195+0000] {processor.py:753} INFO - DAG(s) dict_keys(['first_dag']) retrieved from /opt/airflow/dags/first_dag.py
[2022-12-27T14:05:22.241+0000] {logging_mixin.py:137} INFO - [2022-12-27T14:05:22.240+0000] {dag.py:2676} INFO - Sync 1 DAGs
[2022-12-27T14:05:22.273+0000] {logging_mixin.py:137} INFO - [2022-12-27T14:05:22.273+0000] {dag.py:3427} INFO - Setting next_dagrun for first_dag to 2022-12-27T00:00:00+00:00, run_after=2022-12-28T00:00:00+00:00
[2022-12-27T14:05:22.309+0000] {processor.py:175} INFO - Processing /opt/airflow/dags/first_dag.py took 0.156 seconds
[2022-12-27T14:05:52.535+0000] {processor.py:153} INFO - Started process (PID=736) to work on /opt/airflow/dags/first_dag.py
[2022-12-27T14:05:52.547+0000] {processor.py:743} INFO - Processing file /opt/airflow/dags/first_dag.py for tasks to queue
[2022-12-27T14:05:52.548+0000] {logging_mixin.py:137} INFO - [2022-12-27T14:05:52.548+0000] {dagbag.py:538} INFO - Filling up the DagBag from /opt/airflow/dags/first_dag.py
[2022-12-27T14:05:52.568+0000] {processor.py:753} INFO - DAG(s) dict_keys(['first_dag']) retrieved from /opt/airflow/dags/first_dag.py
[2022-12-27T14:05:52.619+0000] {logging_mixin.py:137} INFO - [2022-12-27T14:05:52.619+0000] {dag.py:2676} INFO - Sync 1 DAGs
[2022-12-27T14:05:52.676+0000] {logging_mixin.py:137} INFO - [2022-12-27T14:05:52.676+0000] {dag.py:3427} INFO - Setting next_dagrun for first_dag to 2022-12-27T00:00:00+00:00, run_after=2022-12-28T00:00:00+00:00
[2022-12-27T14:05:52.723+0000] {processor.py:175} INFO - Processing /opt/airflow/dags/first_dag.py took 0.192 seconds
[2022-12-27T14:06:22.791+0000] {processor.py:153} INFO - Started process (PID=763) to work on /opt/airflow/dags/first_dag.py
[2022-12-27T14:06:22.803+0000] {processor.py:743} INFO - Processing file /opt/airflow/dags/first_dag.py for tasks to queue
[2022-12-27T14:06:22.805+0000] {logging_mixin.py:137} INFO - [2022-12-27T14:06:22.805+0000] {dagbag.py:538} INFO - Filling up the DagBag from /opt/airflow/dags/first_dag.py
[2022-12-27T14:06:22.835+0000] {processor.py:753} INFO - DAG(s) dict_keys(['first_dag']) retrieved from /opt/airflow/dags/first_dag.py
[2022-12-27T14:06:22.899+0000] {logging_mixin.py:137} INFO - [2022-12-27T14:06:22.898+0000] {dag.py:2676} INFO - Sync 1 DAGs
[2022-12-27T14:06:22.941+0000] {logging_mixin.py:137} INFO - [2022-12-27T14:06:22.940+0000] {dag.py:3427} INFO - Setting next_dagrun for first_dag to 2022-12-27T00:00:00+00:00, run_after=2022-12-28T00:00:00+00:00
[2022-12-27T14:06:22.969+0000] {processor.py:175} INFO - Processing /opt/airflow/dags/first_dag.py took 0.183 seconds
[2022-12-27T14:06:53.225+0000] {processor.py:153} INFO - Started process (PID=792) to work on /opt/airflow/dags/first_dag.py
[2022-12-27T14:06:53.239+0000] {processor.py:743} INFO - Processing file /opt/airflow/dags/first_dag.py for tasks to queue
[2022-12-27T14:06:53.243+0000] {logging_mixin.py:137} INFO - [2022-12-27T14:06:53.242+0000] {dagbag.py:538} INFO - Filling up the DagBag from /opt/airflow/dags/first_dag.py
[2022-12-27T14:06:53.273+0000] {processor.py:753} INFO - DAG(s) dict_keys(['first_dag']) retrieved from /opt/airflow/dags/first_dag.py
[2022-12-27T14:06:53.321+0000] {logging_mixin.py:137} INFO - [2022-12-27T14:06:53.321+0000] {dag.py:2676} INFO - Sync 1 DAGs
[2022-12-27T14:06:53.356+0000] {logging_mixin.py:137} INFO - [2022-12-27T14:06:53.356+0000] {dag.py:3427} INFO - Setting next_dagrun for first_dag to 2022-12-27T00:00:00+00:00, run_after=2022-12-28T00:00:00+00:00
[2022-12-27T14:06:53.381+0000] {processor.py:175} INFO - Processing /opt/airflow/dags/first_dag.py took 0.161 seconds
[2022-12-27T14:07:23.472+0000] {processor.py:153} INFO - Started process (PID=827) to work on /opt/airflow/dags/first_dag.py
[2022-12-27T14:07:23.474+0000] {processor.py:743} INFO - Processing file /opt/airflow/dags/first_dag.py for tasks to queue
[2022-12-27T14:07:23.475+0000] {logging_mixin.py:137} INFO - [2022-12-27T14:07:23.474+0000] {dagbag.py:538} INFO - Filling up the DagBag from /opt/airflow/dags/first_dag.py
[2022-12-27T14:07:23.501+0000] {processor.py:753} INFO - DAG(s) dict_keys(['first_dag']) retrieved from /opt/airflow/dags/first_dag.py
[2022-12-27T14:07:23.554+0000] {logging_mixin.py:137} INFO - [2022-12-27T14:07:23.554+0000] {dag.py:2676} INFO - Sync 1 DAGs
[2022-12-27T14:07:23.590+0000] {logging_mixin.py:137} INFO - [2022-12-27T14:07:23.590+0000] {dag.py:3427} INFO - Setting next_dagrun for first_dag to 2022-12-27T00:00:00+00:00, run_after=2022-12-28T00:00:00+00:00
[2022-12-27T14:07:23.630+0000] {processor.py:175} INFO - Processing /opt/airflow/dags/first_dag.py took 0.162 seconds
[2022-12-27T14:07:53.819+0000] {processor.py:153} INFO - Started process (PID=861) to work on /opt/airflow/dags/first_dag.py
[2022-12-27T14:07:53.820+0000] {processor.py:743} INFO - Processing file /opt/airflow/dags/first_dag.py for tasks to queue
[2022-12-27T14:07:53.821+0000] {logging_mixin.py:137} INFO - [2022-12-27T14:07:53.821+0000] {dagbag.py:538} INFO - Filling up the DagBag from /opt/airflow/dags/first_dag.py
[2022-12-27T14:07:53.849+0000] {processor.py:753} INFO - DAG(s) dict_keys(['first_dag']) retrieved from /opt/airflow/dags/first_dag.py
[2022-12-27T14:07:53.903+0000] {logging_mixin.py:137} INFO - [2022-12-27T14:07:53.902+0000] {dag.py:2676} INFO - Sync 1 DAGs
[2022-12-27T14:07:53.938+0000] {logging_mixin.py:137} INFO - [2022-12-27T14:07:53.938+0000] {dag.py:3427} INFO - Setting next_dagrun for first_dag to 2022-12-27T00:00:00+00:00, run_after=2022-12-28T00:00:00+00:00
[2022-12-27T14:07:53.973+0000] {processor.py:175} INFO - Processing /opt/airflow/dags/first_dag.py took 0.159 seconds
[2022-12-27T14:08:24.043+0000] {processor.py:153} INFO - Started process (PID=891) to work on /opt/airflow/dags/first_dag.py
[2022-12-27T14:08:24.056+0000] {processor.py:743} INFO - Processing file /opt/airflow/dags/first_dag.py for tasks to queue
[2022-12-27T14:08:24.057+0000] {logging_mixin.py:137} INFO - [2022-12-27T14:08:24.057+0000] {dagbag.py:538} INFO - Filling up the DagBag from /opt/airflow/dags/first_dag.py
[2022-12-27T14:08:24.088+0000] {processor.py:753} INFO - DAG(s) dict_keys(['first_dag']) retrieved from /opt/airflow/dags/first_dag.py
[2022-12-27T14:08:24.132+0000] {logging_mixin.py:137} INFO - [2022-12-27T14:08:24.132+0000] {dag.py:2676} INFO - Sync 1 DAGs
[2022-12-27T14:08:24.166+0000] {logging_mixin.py:137} INFO - [2022-12-27T14:08:24.165+0000] {dag.py:3427} INFO - Setting next_dagrun for first_dag to 2022-12-27T00:00:00+00:00, run_after=2022-12-28T00:00:00+00:00
[2022-12-27T14:08:24.204+0000] {processor.py:175} INFO - Processing /opt/airflow/dags/first_dag.py took 0.165 seconds
[2022-12-27T14:08:54.429+0000] {processor.py:153} INFO - Started process (PID=920) to work on /opt/airflow/dags/first_dag.py
[2022-12-27T14:08:54.442+0000] {processor.py:743} INFO - Processing file /opt/airflow/dags/first_dag.py for tasks to queue
[2022-12-27T14:08:54.443+0000] {logging_mixin.py:137} INFO - [2022-12-27T14:08:54.442+0000] {dagbag.py:538} INFO - Filling up the DagBag from /opt/airflow/dags/first_dag.py
[2022-12-27T14:08:54.464+0000] {processor.py:753} INFO - DAG(s) dict_keys(['first_dag']) retrieved from /opt/airflow/dags/first_dag.py
[2022-12-27T14:08:54.509+0000] {logging_mixin.py:137} INFO - [2022-12-27T14:08:54.509+0000] {dag.py:2676} INFO - Sync 1 DAGs
[2022-12-27T14:08:54.542+0000] {logging_mixin.py:137} INFO - [2022-12-27T14:08:54.541+0000] {dag.py:3427} INFO - Setting next_dagrun for first_dag to 2022-12-27T00:00:00+00:00, run_after=2022-12-28T00:00:00+00:00
[2022-12-27T14:08:54.581+0000] {processor.py:175} INFO - Processing /opt/airflow/dags/first_dag.py took 0.158 seconds
[2022-12-27T14:09:24.660+0000] {processor.py:153} INFO - Started process (PID=962) to work on /opt/airflow/dags/first_dag.py
[2022-12-27T14:09:24.673+0000] {processor.py:743} INFO - Processing file /opt/airflow/dags/first_dag.py for tasks to queue
[2022-12-27T14:09:24.674+0000] {logging_mixin.py:137} INFO - [2022-12-27T14:09:24.674+0000] {dagbag.py:538} INFO - Filling up the DagBag from /opt/airflow/dags/first_dag.py
[2022-12-27T14:09:24.697+0000] {processor.py:753} INFO - DAG(s) dict_keys(['first_dag']) retrieved from /opt/airflow/dags/first_dag.py
[2022-12-27T14:09:24.743+0000] {logging_mixin.py:137} INFO - [2022-12-27T14:09:24.742+0000] {dag.py:2676} INFO - Sync 1 DAGs
[2022-12-27T14:09:24.776+0000] {logging_mixin.py:137} INFO - [2022-12-27T14:09:24.775+0000] {dag.py:3427} INFO - Setting next_dagrun for first_dag to 2022-12-27T00:00:00+00:00, run_after=2022-12-28T00:00:00+00:00
[2022-12-27T14:09:24.812+0000] {processor.py:175} INFO - Processing /opt/airflow/dags/first_dag.py took 0.158 seconds
[2022-12-27T14:09:54.985+0000] {processor.py:153} INFO - Started process (PID=990) to work on /opt/airflow/dags/first_dag.py
[2022-12-27T14:09:54.997+0000] {processor.py:743} INFO - Processing file /opt/airflow/dags/first_dag.py for tasks to queue
[2022-12-27T14:09:54.999+0000] {logging_mixin.py:137} INFO - [2022-12-27T14:09:54.998+0000] {dagbag.py:538} INFO - Filling up the DagBag from /opt/airflow/dags/first_dag.py
[2022-12-27T14:09:55.021+0000] {processor.py:753} INFO - DAG(s) dict_keys(['first_dag']) retrieved from /opt/airflow/dags/first_dag.py
[2022-12-27T14:09:55.068+0000] {logging_mixin.py:137} INFO - [2022-12-27T14:09:55.068+0000] {dag.py:2676} INFO - Sync 1 DAGs
[2022-12-27T14:09:55.100+0000] {logging_mixin.py:137} INFO - [2022-12-27T14:09:55.100+0000] {dag.py:3427} INFO - Setting next_dagrun for first_dag to 2022-12-27T00:00:00+00:00, run_after=2022-12-28T00:00:00+00:00
[2022-12-27T14:09:55.140+0000] {processor.py:175} INFO - Processing /opt/airflow/dags/first_dag.py took 0.163 seconds
[2022-12-27T14:10:25.219+0000] {processor.py:153} INFO - Started process (PID=1019) to work on /opt/airflow/dags/first_dag.py
[2022-12-27T14:10:25.220+0000] {processor.py:743} INFO - Processing file /opt/airflow/dags/first_dag.py for tasks to queue
[2022-12-27T14:10:25.221+0000] {logging_mixin.py:137} INFO - [2022-12-27T14:10:25.221+0000] {dagbag.py:538} INFO - Filling up the DagBag from /opt/airflow/dags/first_dag.py
[2022-12-27T14:10:25.245+0000] {processor.py:753} INFO - DAG(s) dict_keys(['first_dag']) retrieved from /opt/airflow/dags/first_dag.py
[2022-12-27T14:10:25.289+0000] {logging_mixin.py:137} INFO - [2022-12-27T14:10:25.289+0000] {dag.py:2676} INFO - Sync 1 DAGs
[2022-12-27T14:10:25.322+0000] {logging_mixin.py:137} INFO - [2022-12-27T14:10:25.322+0000] {dag.py:3427} INFO - Setting next_dagrun for first_dag to 2022-12-27T00:00:00+00:00, run_after=2022-12-28T00:00:00+00:00
[2022-12-27T14:10:25.356+0000] {processor.py:175} INFO - Processing /opt/airflow/dags/first_dag.py took 0.143 seconds
[2022-12-27T14:10:55.569+0000] {processor.py:153} INFO - Started process (PID=1060) to work on /opt/airflow/dags/first_dag.py
[2022-12-27T14:10:55.581+0000] {processor.py:743} INFO - Processing file /opt/airflow/dags/first_dag.py for tasks to queue
[2022-12-27T14:10:55.582+0000] {logging_mixin.py:137} INFO - [2022-12-27T14:10:55.581+0000] {dagbag.py:538} INFO - Filling up the DagBag from /opt/airflow/dags/first_dag.py
[2022-12-27T14:10:55.602+0000] {processor.py:753} INFO - DAG(s) dict_keys(['first_dag']) retrieved from /opt/airflow/dags/first_dag.py
[2022-12-27T14:10:55.653+0000] {logging_mixin.py:137} INFO - [2022-12-27T14:10:55.653+0000] {dag.py:2676} INFO - Sync 1 DAGs
[2022-12-27T14:10:55.706+0000] {logging_mixin.py:137} INFO - [2022-12-27T14:10:55.706+0000] {dag.py:3427} INFO - Setting next_dagrun for first_dag to 2022-12-27T00:00:00+00:00, run_after=2022-12-28T00:00:00+00:00
[2022-12-27T14:10:55.750+0000] {processor.py:175} INFO - Processing /opt/airflow/dags/first_dag.py took 0.185 seconds
[2022-12-27T14:11:25.792+0000] {processor.py:153} INFO - Started process (PID=1089) to work on /opt/airflow/dags/first_dag.py
[2022-12-27T14:11:25.805+0000] {processor.py:743} INFO - Processing file /opt/airflow/dags/first_dag.py for tasks to queue
[2022-12-27T14:11:25.805+0000] {logging_mixin.py:137} INFO - [2022-12-27T14:11:25.805+0000] {dagbag.py:538} INFO - Filling up the DagBag from /opt/airflow/dags/first_dag.py
[2022-12-27T14:11:25.826+0000] {processor.py:753} INFO - DAG(s) dict_keys(['first_dag']) retrieved from /opt/airflow/dags/first_dag.py
[2022-12-27T14:11:25.870+0000] {logging_mixin.py:137} INFO - [2022-12-27T14:11:25.870+0000] {dag.py:2676} INFO - Sync 1 DAGs
[2022-12-27T14:11:25.905+0000] {logging_mixin.py:137} INFO - [2022-12-27T14:11:25.905+0000] {dag.py:3427} INFO - Setting next_dagrun for first_dag to 2022-12-27T00:00:00+00:00, run_after=2022-12-28T00:00:00+00:00
[2022-12-27T14:11:25.944+0000] {processor.py:175} INFO - Processing /opt/airflow/dags/first_dag.py took 0.157 seconds
[2022-12-27T14:11:56.047+0000] {processor.py:153} INFO - Started process (PID=1118) to work on /opt/airflow/dags/first_dag.py
[2022-12-27T14:11:56.169+0000] {processor.py:743} INFO - Processing file /opt/airflow/dags/first_dag.py for tasks to queue
[2022-12-27T14:11:56.175+0000] {logging_mixin.py:137} INFO - [2022-12-27T14:11:56.174+0000] {dagbag.py:538} INFO - Filling up the DagBag from /opt/airflow/dags/first_dag.py
[2022-12-27T14:11:56.214+0000] {processor.py:753} INFO - DAG(s) dict_keys(['first_dag']) retrieved from /opt/airflow/dags/first_dag.py
[2022-12-27T14:11:56.258+0000] {logging_mixin.py:137} INFO - [2022-12-27T14:11:56.258+0000] {dag.py:2676} INFO - Sync 1 DAGs
[2022-12-27T14:11:56.292+0000] {logging_mixin.py:137} INFO - [2022-12-27T14:11:56.292+0000] {dag.py:3427} INFO - Setting next_dagrun for first_dag to 2022-12-27T00:00:00+00:00, run_after=2022-12-28T00:00:00+00:00
[2022-12-27T14:11:56.318+0000] {processor.py:175} INFO - Processing /opt/airflow/dags/first_dag.py took 0.277 seconds
[2022-12-27T14:12:26.432+0000] {processor.py:153} INFO - Started process (PID=1155) to work on /opt/airflow/dags/first_dag.py
[2022-12-27T14:12:26.445+0000] {processor.py:743} INFO - Processing file /opt/airflow/dags/first_dag.py for tasks to queue
[2022-12-27T14:12:26.446+0000] {logging_mixin.py:137} INFO - [2022-12-27T14:12:26.446+0000] {dagbag.py:538} INFO - Filling up the DagBag from /opt/airflow/dags/first_dag.py
[2022-12-27T14:12:26.473+0000] {processor.py:753} INFO - DAG(s) dict_keys(['first_dag']) retrieved from /opt/airflow/dags/first_dag.py
[2022-12-27T14:12:26.536+0000] {logging_mixin.py:137} INFO - [2022-12-27T14:12:26.536+0000] {dag.py:2676} INFO - Sync 1 DAGs
[2022-12-27T14:12:26.651+0000] {logging_mixin.py:137} INFO - [2022-12-27T14:12:26.650+0000] {dag.py:3427} INFO - Setting next_dagrun for first_dag to 2022-12-27T00:00:00+00:00, run_after=2022-12-28T00:00:00+00:00
[2022-12-27T14:12:26.695+0000] {processor.py:175} INFO - Processing /opt/airflow/dags/first_dag.py took 0.268 seconds
[2022-12-27T14:12:56.775+0000] {processor.py:153} INFO - Started process (PID=1188) to work on /opt/airflow/dags/first_dag.py
[2022-12-27T14:12:56.787+0000] {processor.py:743} INFO - Processing file /opt/airflow/dags/first_dag.py for tasks to queue
[2022-12-27T14:12:56.788+0000] {logging_mixin.py:137} INFO - [2022-12-27T14:12:56.788+0000] {dagbag.py:538} INFO - Filling up the DagBag from /opt/airflow/dags/first_dag.py
[2022-12-27T14:12:56.809+0000] {processor.py:753} INFO - DAG(s) dict_keys(['first_dag']) retrieved from /opt/airflow/dags/first_dag.py
[2022-12-27T14:12:56.855+0000] {logging_mixin.py:137} INFO - [2022-12-27T14:12:56.855+0000] {dag.py:2676} INFO - Sync 1 DAGs
[2022-12-27T14:12:56.890+0000] {logging_mixin.py:137} INFO - [2022-12-27T14:12:56.889+0000] {dag.py:3427} INFO - Setting next_dagrun for first_dag to 2022-12-27T00:00:00+00:00, run_after=2022-12-28T00:00:00+00:00
[2022-12-27T14:12:56.925+0000] {processor.py:175} INFO - Processing /opt/airflow/dags/first_dag.py took 0.154 seconds
[2022-12-27T14:13:27.186+0000] {processor.py:153} INFO - Started process (PID=1217) to work on /opt/airflow/dags/first_dag.py
[2022-12-27T14:13:27.198+0000] {processor.py:743} INFO - Processing file /opt/airflow/dags/first_dag.py for tasks to queue
[2022-12-27T14:13:27.199+0000] {logging_mixin.py:137} INFO - [2022-12-27T14:13:27.199+0000] {dagbag.py:538} INFO - Filling up the DagBag from /opt/airflow/dags/first_dag.py
[2022-12-27T14:13:27.222+0000] {processor.py:753} INFO - DAG(s) dict_keys(['first_dag']) retrieved from /opt/airflow/dags/first_dag.py
[2022-12-27T14:13:27.265+0000] {logging_mixin.py:137} INFO - [2022-12-27T14:13:27.265+0000] {dag.py:2676} INFO - Sync 1 DAGs
[2022-12-27T14:13:27.298+0000] {logging_mixin.py:137} INFO - [2022-12-27T14:13:27.298+0000] {dag.py:3427} INFO - Setting next_dagrun for first_dag to 2022-12-27T00:00:00+00:00, run_after=2022-12-28T00:00:00+00:00
[2022-12-27T14:13:27.332+0000] {processor.py:175} INFO - Processing /opt/airflow/dags/first_dag.py took 0.153 seconds
[2022-12-27T14:13:57.403+0000] {processor.py:153} INFO - Started process (PID=1253) to work on /opt/airflow/dags/first_dag.py
[2022-12-27T14:13:57.404+0000] {processor.py:743} INFO - Processing file /opt/airflow/dags/first_dag.py for tasks to queue
[2022-12-27T14:13:57.405+0000] {logging_mixin.py:137} INFO - [2022-12-27T14:13:57.405+0000] {dagbag.py:538} INFO - Filling up the DagBag from /opt/airflow/dags/first_dag.py
[2022-12-27T14:13:57.433+0000] {processor.py:753} INFO - DAG(s) dict_keys(['first_dag']) retrieved from /opt/airflow/dags/first_dag.py
[2022-12-27T14:13:57.485+0000] {logging_mixin.py:137} INFO - [2022-12-27T14:13:57.485+0000] {dag.py:2676} INFO - Sync 1 DAGs
[2022-12-27T14:13:57.522+0000] {logging_mixin.py:137} INFO - [2022-12-27T14:13:57.522+0000] {dag.py:3427} INFO - Setting next_dagrun for first_dag to 2022-12-27T00:00:00+00:00, run_after=2022-12-28T00:00:00+00:00
[2022-12-27T14:13:57.565+0000] {processor.py:175} INFO - Processing /opt/airflow/dags/first_dag.py took 0.167 seconds
[2022-12-27T14:14:27.762+0000] {processor.py:153} INFO - Started process (PID=1287) to work on /opt/airflow/dags/first_dag.py
[2022-12-27T14:14:27.763+0000] {processor.py:743} INFO - Processing file /opt/airflow/dags/first_dag.py for tasks to queue
[2022-12-27T14:14:27.764+0000] {logging_mixin.py:137} INFO - [2022-12-27T14:14:27.764+0000] {dagbag.py:538} INFO - Filling up the DagBag from /opt/airflow/dags/first_dag.py
[2022-12-27T14:14:27.788+0000] {processor.py:753} INFO - DAG(s) dict_keys(['first_dag']) retrieved from /opt/airflow/dags/first_dag.py
[2022-12-27T14:14:27.837+0000] {logging_mixin.py:137} INFO - [2022-12-27T14:14:27.837+0000] {dag.py:2676} INFO - Sync 1 DAGs
[2022-12-27T14:14:27.873+0000] {logging_mixin.py:137} INFO - [2022-12-27T14:14:27.873+0000] {dag.py:3427} INFO - Setting next_dagrun for first_dag to 2022-12-27T00:00:00+00:00, run_after=2022-12-28T00:00:00+00:00
[2022-12-27T14:14:27.897+0000] {processor.py:175} INFO - Processing /opt/airflow/dags/first_dag.py took 0.139 seconds
[2022-12-27T14:14:58.000+0000] {processor.py:153} INFO - Started process (PID=1316) to work on /opt/airflow/dags/first_dag.py
[2022-12-27T14:14:58.001+0000] {processor.py:743} INFO - Processing file /opt/airflow/dags/first_dag.py for tasks to queue
[2022-12-27T14:14:58.002+0000] {logging_mixin.py:137} INFO - [2022-12-27T14:14:58.002+0000] {dagbag.py:538} INFO - Filling up the DagBag from /opt/airflow/dags/first_dag.py
[2022-12-27T14:14:58.024+0000] {processor.py:753} INFO - DAG(s) dict_keys(['first_dag']) retrieved from /opt/airflow/dags/first_dag.py
[2022-12-27T14:14:58.068+0000] {logging_mixin.py:137} INFO - [2022-12-27T14:14:58.067+0000] {dag.py:2676} INFO - Sync 1 DAGs
[2022-12-27T14:14:58.104+0000] {logging_mixin.py:137} INFO - [2022-12-27T14:14:58.104+0000] {dag.py:3427} INFO - Setting next_dagrun for first_dag to 2022-12-27T00:00:00+00:00, run_after=2022-12-28T00:00:00+00:00
[2022-12-27T14:14:58.140+0000] {processor.py:175} INFO - Processing /opt/airflow/dags/first_dag.py took 0.145 seconds
[2022-12-27T14:15:28.350+0000] {processor.py:153} INFO - Started process (PID=1345) to work on /opt/airflow/dags/first_dag.py
[2022-12-27T14:15:28.360+0000] {processor.py:743} INFO - Processing file /opt/airflow/dags/first_dag.py for tasks to queue
[2022-12-27T14:15:28.361+0000] {logging_mixin.py:137} INFO - [2022-12-27T14:15:28.360+0000] {dagbag.py:538} INFO - Filling up the DagBag from /opt/airflow/dags/first_dag.py
[2022-12-27T14:15:28.400+0000] {processor.py:753} INFO - DAG(s) dict_keys(['first_dag']) retrieved from /opt/airflow/dags/first_dag.py
[2022-12-27T14:15:28.462+0000] {logging_mixin.py:137} INFO - [2022-12-27T14:15:28.462+0000] {dag.py:2676} INFO - Sync 1 DAGs
[2022-12-27T14:15:28.501+0000] {logging_mixin.py:137} INFO - [2022-12-27T14:15:28.501+0000] {dag.py:3427} INFO - Setting next_dagrun for first_dag to 2022-12-27T00:00:00+00:00, run_after=2022-12-28T00:00:00+00:00
[2022-12-27T14:15:28.525+0000] {processor.py:175} INFO - Processing /opt/airflow/dags/first_dag.py took 0.187 seconds
[2022-12-27T14:15:58.592+0000] {processor.py:153} INFO - Started process (PID=1385) to work on /opt/airflow/dags/first_dag.py
[2022-12-27T14:15:58.594+0000] {processor.py:743} INFO - Processing file /opt/airflow/dags/first_dag.py for tasks to queue
[2022-12-27T14:15:58.596+0000] {logging_mixin.py:137} INFO - [2022-12-27T14:15:58.595+0000] {dagbag.py:538} INFO - Filling up the DagBag from /opt/airflow/dags/first_dag.py
[2022-12-27T14:15:58.620+0000] {processor.py:753} INFO - DAG(s) dict_keys(['first_dag']) retrieved from /opt/airflow/dags/first_dag.py
[2022-12-27T14:15:58.665+0000] {logging_mixin.py:137} INFO - [2022-12-27T14:15:58.665+0000] {dag.py:2676} INFO - Sync 1 DAGs
[2022-12-27T14:15:58.698+0000] {logging_mixin.py:137} INFO - [2022-12-27T14:15:58.698+0000] {dag.py:3427} INFO - Setting next_dagrun for first_dag to 2022-12-27T00:00:00+00:00, run_after=2022-12-28T00:00:00+00:00
[2022-12-27T14:15:58.734+0000] {processor.py:175} INFO - Processing /opt/airflow/dags/first_dag.py took 0.153 seconds
[2022-12-27T14:16:28.957+0000] {processor.py:153} INFO - Started process (PID=1414) to work on /opt/airflow/dags/first_dag.py
[2022-12-27T14:16:28.969+0000] {processor.py:743} INFO - Processing file /opt/airflow/dags/first_dag.py for tasks to queue
[2022-12-27T14:16:28.970+0000] {logging_mixin.py:137} INFO - [2022-12-27T14:16:28.970+0000] {dagbag.py:538} INFO - Filling up the DagBag from /opt/airflow/dags/first_dag.py
[2022-12-27T14:16:28.993+0000] {processor.py:753} INFO - DAG(s) dict_keys(['first_dag']) retrieved from /opt/airflow/dags/first_dag.py
[2022-12-27T14:16:29.038+0000] {logging_mixin.py:137} INFO - [2022-12-27T14:16:29.037+0000] {dag.py:2676} INFO - Sync 1 DAGs
[2022-12-27T14:16:29.070+0000] {logging_mixin.py:137} INFO - [2022-12-27T14:16:29.070+0000] {dag.py:3427} INFO - Setting next_dagrun for first_dag to 2022-12-27T00:00:00+00:00, run_after=2022-12-28T00:00:00+00:00
[2022-12-27T14:16:29.106+0000] {processor.py:175} INFO - Processing /opt/airflow/dags/first_dag.py took 0.154 seconds
[2022-12-27T14:16:59.205+0000] {processor.py:153} INFO - Started process (PID=1442) to work on /opt/airflow/dags/first_dag.py
[2022-12-27T14:16:59.206+0000] {processor.py:743} INFO - Processing file /opt/airflow/dags/first_dag.py for tasks to queue
[2022-12-27T14:16:59.207+0000] {logging_mixin.py:137} INFO - [2022-12-27T14:16:59.206+0000] {dagbag.py:538} INFO - Filling up the DagBag from /opt/airflow/dags/first_dag.py
[2022-12-27T14:16:59.228+0000] {processor.py:753} INFO - DAG(s) dict_keys(['first_dag']) retrieved from /opt/airflow/dags/first_dag.py
[2022-12-27T14:16:59.272+0000] {logging_mixin.py:137} INFO - [2022-12-27T14:16:59.272+0000] {dag.py:2676} INFO - Sync 1 DAGs
[2022-12-27T14:16:59.306+0000] {logging_mixin.py:137} INFO - [2022-12-27T14:16:59.306+0000] {dag.py:3427} INFO - Setting next_dagrun for first_dag to 2022-12-27T00:00:00+00:00, run_after=2022-12-28T00:00:00+00:00
[2022-12-27T14:16:59.341+0000] {processor.py:175} INFO - Processing /opt/airflow/dags/first_dag.py took 0.141 seconds
[2022-12-27T14:17:29.513+0000] {processor.py:153} INFO - Started process (PID=1483) to work on /opt/airflow/dags/first_dag.py
[2022-12-27T14:17:29.525+0000] {processor.py:743} INFO - Processing file /opt/airflow/dags/first_dag.py for tasks to queue
[2022-12-27T14:17:29.526+0000] {logging_mixin.py:137} INFO - [2022-12-27T14:17:29.526+0000] {dagbag.py:538} INFO - Filling up the DagBag from /opt/airflow/dags/first_dag.py
[2022-12-27T14:17:29.546+0000] {processor.py:753} INFO - DAG(s) dict_keys(['first_dag']) retrieved from /opt/airflow/dags/first_dag.py
[2022-12-27T14:17:29.591+0000] {logging_mixin.py:137} INFO - [2022-12-27T14:17:29.591+0000] {dag.py:2676} INFO - Sync 1 DAGs
[2022-12-27T14:17:29.629+0000] {logging_mixin.py:137} INFO - [2022-12-27T14:17:29.629+0000] {dag.py:3427} INFO - Setting next_dagrun for first_dag to 2022-12-27T00:00:00+00:00, run_after=2022-12-28T00:00:00+00:00
[2022-12-27T14:17:29.669+0000] {processor.py:175} INFO - Processing /opt/airflow/dags/first_dag.py took 0.161 seconds
[2022-12-27T14:17:59.756+0000] {processor.py:153} INFO - Started process (PID=1513) to work on /opt/airflow/dags/first_dag.py
[2022-12-27T14:17:59.757+0000] {processor.py:743} INFO - Processing file /opt/airflow/dags/first_dag.py for tasks to queue
[2022-12-27T14:17:59.758+0000] {logging_mixin.py:137} INFO - [2022-12-27T14:17:59.758+0000] {dagbag.py:538} INFO - Filling up the DagBag from /opt/airflow/dags/first_dag.py
[2022-12-27T14:17:59.785+0000] {processor.py:753} INFO - DAG(s) dict_keys(['first_dag']) retrieved from /opt/airflow/dags/first_dag.py
[2022-12-27T14:17:59.840+0000] {logging_mixin.py:137} INFO - [2022-12-27T14:17:59.840+0000] {dag.py:2676} INFO - Sync 1 DAGs
[2022-12-27T14:17:59.891+0000] {logging_mixin.py:137} INFO - [2022-12-27T14:17:59.891+0000] {dag.py:3427} INFO - Setting next_dagrun for first_dag to 2022-12-27T00:00:00+00:00, run_after=2022-12-28T00:00:00+00:00
[2022-12-27T14:17:59.936+0000] {processor.py:175} INFO - Processing /opt/airflow/dags/first_dag.py took 0.185 seconds
[2022-12-27T14:18:30.138+0000] {processor.py:153} INFO - Started process (PID=1542) to work on /opt/airflow/dags/first_dag.py
[2022-12-27T14:18:30.139+0000] {processor.py:743} INFO - Processing file /opt/airflow/dags/first_dag.py for tasks to queue
[2022-12-27T14:18:30.140+0000] {logging_mixin.py:137} INFO - [2022-12-27T14:18:30.140+0000] {dagbag.py:538} INFO - Filling up the DagBag from /opt/airflow/dags/first_dag.py
[2022-12-27T14:18:30.162+0000] {processor.py:753} INFO - DAG(s) dict_keys(['first_dag']) retrieved from /opt/airflow/dags/first_dag.py
[2022-12-27T14:18:30.209+0000] {logging_mixin.py:137} INFO - [2022-12-27T14:18:30.208+0000] {dag.py:2676} INFO - Sync 1 DAGs
[2022-12-27T14:18:30.242+0000] {logging_mixin.py:137} INFO - [2022-12-27T14:18:30.242+0000] {dag.py:3427} INFO - Setting next_dagrun for first_dag to 2022-12-27T00:00:00+00:00, run_after=2022-12-28T00:00:00+00:00
[2022-12-27T14:18:30.282+0000] {processor.py:175} INFO - Processing /opt/airflow/dags/first_dag.py took 0.151 seconds
[2022-12-27T14:19:00.420+0000] {processor.py:153} INFO - Started process (PID=1582) to work on /opt/airflow/dags/first_dag.py
[2022-12-27T14:19:00.433+0000] {processor.py:743} INFO - Processing file /opt/airflow/dags/first_dag.py for tasks to queue
[2022-12-27T14:19:00.434+0000] {logging_mixin.py:137} INFO - [2022-12-27T14:19:00.434+0000] {dagbag.py:538} INFO - Filling up the DagBag from /opt/airflow/dags/first_dag.py
[2022-12-27T14:19:00.463+0000] {processor.py:753} INFO - DAG(s) dict_keys(['first_dag']) retrieved from /opt/airflow/dags/first_dag.py
[2022-12-27T14:19:00.519+0000] {logging_mixin.py:137} INFO - [2022-12-27T14:19:00.519+0000] {dag.py:2676} INFO - Sync 1 DAGs
[2022-12-27T14:19:00.555+0000] {logging_mixin.py:137} INFO - [2022-12-27T14:19:00.554+0000] {dag.py:3427} INFO - Setting next_dagrun for first_dag to 2022-12-27T00:00:00+00:00, run_after=2022-12-28T00:00:00+00:00
[2022-12-27T14:19:00.592+0000] {processor.py:175} INFO - Processing /opt/airflow/dags/first_dag.py took 0.177 seconds
[2022-12-27T14:19:30.733+0000] {processor.py:153} INFO - Started process (PID=1612) to work on /opt/airflow/dags/first_dag.py
[2022-12-27T14:19:30.734+0000] {processor.py:743} INFO - Processing file /opt/airflow/dags/first_dag.py for tasks to queue
[2022-12-27T14:19:30.735+0000] {logging_mixin.py:137} INFO - [2022-12-27T14:19:30.735+0000] {dagbag.py:538} INFO - Filling up the DagBag from /opt/airflow/dags/first_dag.py
[2022-12-27T14:19:30.762+0000] {processor.py:753} INFO - DAG(s) dict_keys(['first_dag']) retrieved from /opt/airflow/dags/first_dag.py
[2022-12-27T14:19:30.818+0000] {logging_mixin.py:137} INFO - [2022-12-27T14:19:30.818+0000] {dag.py:2676} INFO - Sync 1 DAGs
[2022-12-27T14:19:30.852+0000] {logging_mixin.py:137} INFO - [2022-12-27T14:19:30.852+0000] {dag.py:3427} INFO - Setting next_dagrun for first_dag to 2022-12-27T00:00:00+00:00, run_after=2022-12-28T00:00:00+00:00
[2022-12-27T14:19:30.889+0000] {processor.py:175} INFO - Processing /opt/airflow/dags/first_dag.py took 0.161 seconds
[2022-12-27T14:20:01.066+0000] {processor.py:153} INFO - Started process (PID=1641) to work on /opt/airflow/dags/first_dag.py
[2022-12-27T14:20:01.078+0000] {processor.py:743} INFO - Processing file /opt/airflow/dags/first_dag.py for tasks to queue
[2022-12-27T14:20:01.079+0000] {logging_mixin.py:137} INFO - [2022-12-27T14:20:01.079+0000] {dagbag.py:538} INFO - Filling up the DagBag from /opt/airflow/dags/first_dag.py
[2022-12-27T14:20:01.103+0000] {processor.py:753} INFO - DAG(s) dict_keys(['first_dag']) retrieved from /opt/airflow/dags/first_dag.py
[2022-12-27T14:20:01.149+0000] {logging_mixin.py:137} INFO - [2022-12-27T14:20:01.148+0000] {dag.py:2676} INFO - Sync 1 DAGs
[2022-12-27T14:20:01.181+0000] {logging_mixin.py:137} INFO - [2022-12-27T14:20:01.181+0000] {dag.py:3427} INFO - Setting next_dagrun for first_dag to 2022-12-27T00:00:00+00:00, run_after=2022-12-28T00:00:00+00:00
[2022-12-27T14:20:01.218+0000] {processor.py:175} INFO - Processing /opt/airflow/dags/first_dag.py took 0.159 seconds
[2022-12-27T14:20:31.307+0000] {processor.py:153} INFO - Started process (PID=1680) to work on /opt/airflow/dags/first_dag.py
[2022-12-27T14:20:31.308+0000] {processor.py:743} INFO - Processing file /opt/airflow/dags/first_dag.py for tasks to queue
[2022-12-27T14:20:31.309+0000] {logging_mixin.py:137} INFO - [2022-12-27T14:20:31.309+0000] {dagbag.py:538} INFO - Filling up the DagBag from /opt/airflow/dags/first_dag.py
[2022-12-27T14:20:31.330+0000] {processor.py:753} INFO - DAG(s) dict_keys(['first_dag']) retrieved from /opt/airflow/dags/first_dag.py
[2022-12-27T14:20:31.376+0000] {logging_mixin.py:137} INFO - [2022-12-27T14:20:31.375+0000] {dag.py:2676} INFO - Sync 1 DAGs
[2022-12-27T14:20:31.411+0000] {logging_mixin.py:137} INFO - [2022-12-27T14:20:31.410+0000] {dag.py:3427} INFO - Setting next_dagrun for first_dag to 2022-12-27T00:00:00+00:00, run_after=2022-12-28T00:00:00+00:00
[2022-12-27T14:20:31.450+0000] {processor.py:175} INFO - Processing /opt/airflow/dags/first_dag.py took 0.148 seconds
[2022-12-27T14:21:01.654+0000] {processor.py:153} INFO - Started process (PID=1712) to work on /opt/airflow/dags/first_dag.py
[2022-12-27T14:21:01.666+0000] {processor.py:743} INFO - Processing file /opt/airflow/dags/first_dag.py for tasks to queue
[2022-12-27T14:21:01.667+0000] {logging_mixin.py:137} INFO - [2022-12-27T14:21:01.667+0000] {dagbag.py:538} INFO - Filling up the DagBag from /opt/airflow/dags/first_dag.py
[2022-12-27T14:21:01.687+0000] {processor.py:753} INFO - DAG(s) dict_keys(['first_dag']) retrieved from /opt/airflow/dags/first_dag.py
[2022-12-27T14:21:01.732+0000] {logging_mixin.py:137} INFO - [2022-12-27T14:21:01.732+0000] {dag.py:2676} INFO - Sync 1 DAGs
[2022-12-27T14:21:01.768+0000] {logging_mixin.py:137} INFO - [2022-12-27T14:21:01.768+0000] {dag.py:3427} INFO - Setting next_dagrun for first_dag to 2022-12-27T00:00:00+00:00, run_after=2022-12-28T00:00:00+00:00
[2022-12-27T14:21:01.804+0000] {processor.py:175} INFO - Processing /opt/airflow/dags/first_dag.py took 0.155 seconds
[2022-12-27T14:21:31.924+0000] {processor.py:153} INFO - Started process (PID=1741) to work on /opt/airflow/dags/first_dag.py
[2022-12-27T14:21:31.926+0000] {processor.py:743} INFO - Processing file /opt/airflow/dags/first_dag.py for tasks to queue
[2022-12-27T14:21:31.928+0000] {logging_mixin.py:137} INFO - [2022-12-27T14:21:31.927+0000] {dagbag.py:538} INFO - Filling up the DagBag from /opt/airflow/dags/first_dag.py
[2022-12-27T14:21:31.953+0000] {processor.py:753} INFO - DAG(s) dict_keys(['first_dag']) retrieved from /opt/airflow/dags/first_dag.py
[2022-12-27T14:21:31.997+0000] {logging_mixin.py:137} INFO - [2022-12-27T14:21:31.997+0000] {dag.py:2676} INFO - Sync 1 DAGs
[2022-12-27T14:21:32.036+0000] {logging_mixin.py:137} INFO - [2022-12-27T14:21:32.036+0000] {dag.py:3427} INFO - Setting next_dagrun for first_dag to 2022-12-27T00:00:00+00:00, run_after=2022-12-28T00:00:00+00:00
[2022-12-27T14:21:32.072+0000] {processor.py:175} INFO - Processing /opt/airflow/dags/first_dag.py took 0.158 seconds
[2022-12-27T14:22:02.302+0000] {processor.py:153} INFO - Started process (PID=1770) to work on /opt/airflow/dags/first_dag.py
[2022-12-27T14:22:02.316+0000] {processor.py:743} INFO - Processing file /opt/airflow/dags/first_dag.py for tasks to queue
[2022-12-27T14:22:02.319+0000] {logging_mixin.py:137} INFO - [2022-12-27T14:22:02.318+0000] {dagbag.py:538} INFO - Filling up the DagBag from /opt/airflow/dags/first_dag.py
[2022-12-27T14:22:02.352+0000] {processor.py:753} INFO - DAG(s) dict_keys(['first_dag']) retrieved from /opt/airflow/dags/first_dag.py
[2022-12-27T14:22:02.400+0000] {logging_mixin.py:137} INFO - [2022-12-27T14:22:02.400+0000] {dag.py:2676} INFO - Sync 1 DAGs
[2022-12-27T14:22:02.456+0000] {logging_mixin.py:137} INFO - [2022-12-27T14:22:02.456+0000] {dag.py:3427} INFO - Setting next_dagrun for first_dag to 2022-12-27T00:00:00+00:00, run_after=2022-12-28T00:00:00+00:00
[2022-12-27T14:22:02.494+0000] {processor.py:175} INFO - Processing /opt/airflow/dags/first_dag.py took 0.202 seconds
[2022-12-27T14:22:32.543+0000] {processor.py:153} INFO - Started process (PID=1811) to work on /opt/airflow/dags/first_dag.py
[2022-12-27T14:22:32.543+0000] {processor.py:743} INFO - Processing file /opt/airflow/dags/first_dag.py for tasks to queue
[2022-12-27T14:22:32.544+0000] {logging_mixin.py:137} INFO - [2022-12-27T14:22:32.544+0000] {dagbag.py:538} INFO - Filling up the DagBag from /opt/airflow/dags/first_dag.py
[2022-12-27T14:22:32.564+0000] {processor.py:753} INFO - DAG(s) dict_keys(['first_dag']) retrieved from /opt/airflow/dags/first_dag.py
[2022-12-27T14:22:32.611+0000] {logging_mixin.py:137} INFO - [2022-12-27T14:22:32.611+0000] {dag.py:2676} INFO - Sync 1 DAGs
[2022-12-27T14:22:32.646+0000] {logging_mixin.py:137} INFO - [2022-12-27T14:22:32.645+0000] {dag.py:3427} INFO - Setting next_dagrun for first_dag to 2022-12-27T00:00:00+00:00, run_after=2022-12-28T00:00:00+00:00
[2022-12-27T14:22:32.683+0000] {processor.py:175} INFO - Processing /opt/airflow/dags/first_dag.py took 0.144 seconds
[2022-12-27T14:23:02.771+0000] {processor.py:153} INFO - Started process (PID=1840) to work on /opt/airflow/dags/first_dag.py
[2022-12-27T14:23:02.785+0000] {processor.py:743} INFO - Processing file /opt/airflow/dags/first_dag.py for tasks to queue
[2022-12-27T14:23:02.787+0000] {logging_mixin.py:137} INFO - [2022-12-27T14:23:02.787+0000] {dagbag.py:538} INFO - Filling up the DagBag from /opt/airflow/dags/first_dag.py
[2022-12-27T14:23:02.829+0000] {processor.py:753} INFO - DAG(s) dict_keys(['first_dag']) retrieved from /opt/airflow/dags/first_dag.py
[2022-12-27T14:23:02.874+0000] {logging_mixin.py:137} INFO - [2022-12-27T14:23:02.873+0000] {dag.py:2676} INFO - Sync 1 DAGs
[2022-12-27T14:23:02.910+0000] {logging_mixin.py:137} INFO - [2022-12-27T14:23:02.910+0000] {dag.py:3427} INFO - Setting next_dagrun for first_dag to 2022-12-27T00:00:00+00:00, run_after=2022-12-28T00:00:00+00:00
[2022-12-27T14:23:02.939+0000] {processor.py:175} INFO - Processing /opt/airflow/dags/first_dag.py took 0.173 seconds
[2022-12-27T14:23:33.165+0000] {processor.py:153} INFO - Started process (PID=1869) to work on /opt/airflow/dags/first_dag.py
[2022-12-27T14:23:33.166+0000] {processor.py:743} INFO - Processing file /opt/airflow/dags/first_dag.py for tasks to queue
[2022-12-27T14:23:33.167+0000] {logging_mixin.py:137} INFO - [2022-12-27T14:23:33.167+0000] {dagbag.py:538} INFO - Filling up the DagBag from /opt/airflow/dags/first_dag.py
[2022-12-27T14:23:33.197+0000] {processor.py:753} INFO - DAG(s) dict_keys(['first_dag']) retrieved from /opt/airflow/dags/first_dag.py
[2022-12-27T14:23:33.242+0000] {logging_mixin.py:137} INFO - [2022-12-27T14:23:33.241+0000] {dag.py:2676} INFO - Sync 1 DAGs
[2022-12-27T14:23:33.274+0000] {logging_mixin.py:137} INFO - [2022-12-27T14:23:33.274+0000] {dag.py:3427} INFO - Setting next_dagrun for first_dag to 2022-12-27T00:00:00+00:00, run_after=2022-12-28T00:00:00+00:00
[2022-12-27T14:23:33.309+0000] {processor.py:175} INFO - Processing /opt/airflow/dags/first_dag.py took 0.150 seconds
[2022-12-27T14:24:03.385+0000] {processor.py:153} INFO - Started process (PID=1910) to work on /opt/airflow/dags/first_dag.py
[2022-12-27T14:24:03.398+0000] {processor.py:743} INFO - Processing file /opt/airflow/dags/first_dag.py for tasks to queue
[2022-12-27T14:24:03.399+0000] {logging_mixin.py:137} INFO - [2022-12-27T14:24:03.399+0000] {dagbag.py:538} INFO - Filling up the DagBag from /opt/airflow/dags/first_dag.py
[2022-12-27T14:24:03.431+0000] {processor.py:753} INFO - DAG(s) dict_keys(['first_dag']) retrieved from /opt/airflow/dags/first_dag.py
[2022-12-27T14:24:03.494+0000] {logging_mixin.py:137} INFO - [2022-12-27T14:24:03.494+0000] {dag.py:2676} INFO - Sync 1 DAGs
[2022-12-27T14:24:03.543+0000] {logging_mixin.py:137} INFO - [2022-12-27T14:24:03.543+0000] {dag.py:3427} INFO - Setting next_dagrun for first_dag to 2022-12-27T00:00:00+00:00, run_after=2022-12-28T00:00:00+00:00
[2022-12-27T14:24:03.566+0000] {processor.py:175} INFO - Processing /opt/airflow/dags/first_dag.py took 0.188 seconds
[2022-12-27T14:24:33.769+0000] {processor.py:153} INFO - Started process (PID=1940) to work on /opt/airflow/dags/first_dag.py
[2022-12-27T14:24:33.783+0000] {processor.py:743} INFO - Processing file /opt/airflow/dags/first_dag.py for tasks to queue
[2022-12-27T14:24:33.786+0000] {logging_mixin.py:137} INFO - [2022-12-27T14:24:33.786+0000] {dagbag.py:538} INFO - Filling up the DagBag from /opt/airflow/dags/first_dag.py
[2022-12-27T14:24:33.825+0000] {processor.py:753} INFO - DAG(s) dict_keys(['first_dag']) retrieved from /opt/airflow/dags/first_dag.py
[2022-12-27T14:24:33.869+0000] {logging_mixin.py:137} INFO - [2022-12-27T14:24:33.869+0000] {dag.py:2676} INFO - Sync 1 DAGs
[2022-12-27T14:24:33.903+0000] {logging_mixin.py:137} INFO - [2022-12-27T14:24:33.903+0000] {dag.py:3427} INFO - Setting next_dagrun for first_dag to 2022-12-27T00:00:00+00:00, run_after=2022-12-28T00:00:00+00:00
[2022-12-27T14:24:33.939+0000] {processor.py:175} INFO - Processing /opt/airflow/dags/first_dag.py took 0.182 seconds
[2022-12-27T14:25:04.066+0000] {processor.py:153} INFO - Started process (PID=1970) to work on /opt/airflow/dags/first_dag.py
[2022-12-27T14:25:04.067+0000] {processor.py:743} INFO - Processing file /opt/airflow/dags/first_dag.py for tasks to queue
[2022-12-27T14:25:04.067+0000] {logging_mixin.py:137} INFO - [2022-12-27T14:25:04.067+0000] {dagbag.py:538} INFO - Filling up the DagBag from /opt/airflow/dags/first_dag.py
[2022-12-27T14:25:04.092+0000] {processor.py:753} INFO - DAG(s) dict_keys(['first_dag']) retrieved from /opt/airflow/dags/first_dag.py
[2022-12-27T14:25:04.166+0000] {logging_mixin.py:137} INFO - [2022-12-27T14:25:04.166+0000] {dag.py:2676} INFO - Sync 1 DAGs
[2022-12-27T14:25:04.203+0000] {logging_mixin.py:137} INFO - [2022-12-27T14:25:04.203+0000] {dag.py:3427} INFO - Setting next_dagrun for first_dag to 2022-12-27T00:00:00+00:00, run_after=2022-12-28T00:00:00+00:00
[2022-12-27T14:25:04.234+0000] {processor.py:175} INFO - Processing /opt/airflow/dags/first_dag.py took 0.174 seconds
[2022-12-27T14:25:34.384+0000] {processor.py:153} INFO - Started process (PID=2011) to work on /opt/airflow/dags/first_dag.py
[2022-12-27T14:25:34.385+0000] {processor.py:743} INFO - Processing file /opt/airflow/dags/first_dag.py for tasks to queue
[2022-12-27T14:25:34.386+0000] {logging_mixin.py:137} INFO - [2022-12-27T14:25:34.386+0000] {dagbag.py:538} INFO - Filling up the DagBag from /opt/airflow/dags/first_dag.py
[2022-12-27T14:25:34.413+0000] {processor.py:753} INFO - DAG(s) dict_keys(['first_dag']) retrieved from /opt/airflow/dags/first_dag.py
[2022-12-27T14:25:34.471+0000] {logging_mixin.py:137} INFO - [2022-12-27T14:25:34.471+0000] {dag.py:2676} INFO - Sync 1 DAGs
[2022-12-27T14:25:34.505+0000] {logging_mixin.py:137} INFO - [2022-12-27T14:25:34.505+0000] {dag.py:3427} INFO - Setting next_dagrun for first_dag to 2022-12-27T00:00:00+00:00, run_after=2022-12-28T00:00:00+00:00
[2022-12-27T14:25:34.540+0000] {processor.py:175} INFO - Processing /opt/airflow/dags/first_dag.py took 0.163 seconds
[2022-12-27T14:26:04.670+0000] {processor.py:153} INFO - Started process (PID=2040) to work on /opt/airflow/dags/first_dag.py
[2022-12-27T14:26:04.671+0000] {processor.py:743} INFO - Processing file /opt/airflow/dags/first_dag.py for tasks to queue
[2022-12-27T14:26:04.673+0000] {logging_mixin.py:137} INFO - [2022-12-27T14:26:04.673+0000] {dagbag.py:538} INFO - Filling up the DagBag from /opt/airflow/dags/first_dag.py
[2022-12-27T14:26:04.697+0000] {processor.py:753} INFO - DAG(s) dict_keys(['first_dag']) retrieved from /opt/airflow/dags/first_dag.py
[2022-12-27T14:26:04.793+0000] {logging_mixin.py:137} INFO - [2022-12-27T14:26:04.793+0000] {dag.py:2676} INFO - Sync 1 DAGs
[2022-12-27T14:26:04.829+0000] {logging_mixin.py:137} INFO - [2022-12-27T14:26:04.829+0000] {dag.py:3427} INFO - Setting next_dagrun for first_dag to 2022-12-27T00:00:00+00:00, run_after=2022-12-28T00:00:00+00:00
[2022-12-27T14:26:04.854+0000] {processor.py:175} INFO - Processing /opt/airflow/dags/first_dag.py took 0.198 seconds
[2022-12-27T14:26:35.047+0000] {processor.py:153} INFO - Started process (PID=2069) to work on /opt/airflow/dags/first_dag.py
[2022-12-27T14:26:35.049+0000] {processor.py:743} INFO - Processing file /opt/airflow/dags/first_dag.py for tasks to queue
[2022-12-27T14:26:35.051+0000] {logging_mixin.py:137} INFO - [2022-12-27T14:26:35.051+0000] {dagbag.py:538} INFO - Filling up the DagBag from /opt/airflow/dags/first_dag.py
[2022-12-27T14:26:35.076+0000] {processor.py:753} INFO - DAG(s) dict_keys(['first_dag']) retrieved from /opt/airflow/dags/first_dag.py
[2022-12-27T14:26:35.134+0000] {logging_mixin.py:137} INFO - [2022-12-27T14:26:35.133+0000] {dag.py:2676} INFO - Sync 1 DAGs
[2022-12-27T14:26:35.174+0000] {logging_mixin.py:137} INFO - [2022-12-27T14:26:35.174+0000] {dag.py:3427} INFO - Setting next_dagrun for first_dag to 2022-12-27T00:00:00+00:00, run_after=2022-12-28T00:00:00+00:00
[2022-12-27T14:26:35.210+0000] {processor.py:175} INFO - Processing /opt/airflow/dags/first_dag.py took 0.180 seconds
[2022-12-27T14:27:05.314+0000] {processor.py:153} INFO - Started process (PID=2107) to work on /opt/airflow/dags/first_dag.py
[2022-12-27T14:27:05.315+0000] {processor.py:743} INFO - Processing file /opt/airflow/dags/first_dag.py for tasks to queue
[2022-12-27T14:27:05.316+0000] {logging_mixin.py:137} INFO - [2022-12-27T14:27:05.315+0000] {dagbag.py:538} INFO - Filling up the DagBag from /opt/airflow/dags/first_dag.py
[2022-12-27T14:27:05.337+0000] {processor.py:753} INFO - DAG(s) dict_keys(['first_dag']) retrieved from /opt/airflow/dags/first_dag.py
[2022-12-27T14:27:05.383+0000] {logging_mixin.py:137} INFO - [2022-12-27T14:27:05.382+0000] {dag.py:2676} INFO - Sync 1 DAGs
[2022-12-27T14:27:05.419+0000] {logging_mixin.py:137} INFO - [2022-12-27T14:27:05.419+0000] {dag.py:3427} INFO - Setting next_dagrun for first_dag to 2022-12-27T00:00:00+00:00, run_after=2022-12-28T00:00:00+00:00
[2022-12-27T14:27:05.463+0000] {processor.py:175} INFO - Processing /opt/airflow/dags/first_dag.py took 0.154 seconds
[2022-12-27T14:27:35.696+0000] {processor.py:153} INFO - Started process (PID=2139) to work on /opt/airflow/dags/first_dag.py
[2022-12-27T14:27:35.697+0000] {processor.py:743} INFO - Processing file /opt/airflow/dags/first_dag.py for tasks to queue
[2022-12-27T14:27:35.698+0000] {logging_mixin.py:137} INFO - [2022-12-27T14:27:35.698+0000] {dagbag.py:538} INFO - Filling up the DagBag from /opt/airflow/dags/first_dag.py
[2022-12-27T14:27:35.727+0000] {processor.py:753} INFO - DAG(s) dict_keys(['first_dag']) retrieved from /opt/airflow/dags/first_dag.py
[2022-12-27T14:27:35.781+0000] {logging_mixin.py:137} INFO - [2022-12-27T14:27:35.781+0000] {dag.py:2676} INFO - Sync 1 DAGs
[2022-12-27T14:27:35.819+0000] {logging_mixin.py:137} INFO - [2022-12-27T14:27:35.819+0000] {dag.py:3427} INFO - Setting next_dagrun for first_dag to 2022-12-27T00:00:00+00:00, run_after=2022-12-28T00:00:00+00:00
[2022-12-27T14:27:35.844+0000] {processor.py:175} INFO - Processing /opt/airflow/dags/first_dag.py took 0.153 seconds
[2022-12-27T14:28:05.965+0000] {processor.py:153} INFO - Started process (PID=2169) to work on /opt/airflow/dags/first_dag.py
[2022-12-27T14:28:05.967+0000] {processor.py:743} INFO - Processing file /opt/airflow/dags/first_dag.py for tasks to queue
[2022-12-27T14:28:05.968+0000] {logging_mixin.py:137} INFO - [2022-12-27T14:28:05.968+0000] {dagbag.py:538} INFO - Filling up the DagBag from /opt/airflow/dags/first_dag.py
[2022-12-27T14:28:05.991+0000] {processor.py:753} INFO - DAG(s) dict_keys(['first_dag']) retrieved from /opt/airflow/dags/first_dag.py
[2022-12-27T14:28:06.036+0000] {logging_mixin.py:137} INFO - [2022-12-27T14:28:06.036+0000] {dag.py:2676} INFO - Sync 1 DAGs
[2022-12-27T14:28:06.071+0000] {logging_mixin.py:137} INFO - [2022-12-27T14:28:06.071+0000] {dag.py:3427} INFO - Setting next_dagrun for first_dag to 2022-12-27T00:00:00+00:00, run_after=2022-12-28T00:00:00+00:00
[2022-12-27T14:28:06.107+0000] {processor.py:175} INFO - Processing /opt/airflow/dags/first_dag.py took 0.153 seconds
[2022-12-27T14:28:36.290+0000] {processor.py:153} INFO - Started process (PID=2206) to work on /opt/airflow/dags/first_dag.py
[2022-12-27T14:28:36.302+0000] {processor.py:743} INFO - Processing file /opt/airflow/dags/first_dag.py for tasks to queue
[2022-12-27T14:28:36.304+0000] {logging_mixin.py:137} INFO - [2022-12-27T14:28:36.303+0000] {dagbag.py:538} INFO - Filling up the DagBag from /opt/airflow/dags/first_dag.py
[2022-12-27T14:28:36.331+0000] {processor.py:753} INFO - DAG(s) dict_keys(['first_dag']) retrieved from /opt/airflow/dags/first_dag.py
[2022-12-27T14:28:36.384+0000] {logging_mixin.py:137} INFO - [2022-12-27T14:28:36.384+0000] {dag.py:2676} INFO - Sync 1 DAGs
[2022-12-27T14:28:36.417+0000] {logging_mixin.py:137} INFO - [2022-12-27T14:28:36.417+0000] {dag.py:3427} INFO - Setting next_dagrun for first_dag to 2022-12-27T00:00:00+00:00, run_after=2022-12-28T00:00:00+00:00
[2022-12-27T14:28:36.452+0000] {processor.py:175} INFO - Processing /opt/airflow/dags/first_dag.py took 0.167 seconds
[2022-12-27T14:29:06.551+0000] {processor.py:153} INFO - Started process (PID=2238) to work on /opt/airflow/dags/first_dag.py
[2022-12-27T14:29:06.552+0000] {processor.py:743} INFO - Processing file /opt/airflow/dags/first_dag.py for tasks to queue
[2022-12-27T14:29:06.553+0000] {logging_mixin.py:137} INFO - [2022-12-27T14:29:06.552+0000] {dagbag.py:538} INFO - Filling up the DagBag from /opt/airflow/dags/first_dag.py
[2022-12-27T14:29:06.572+0000] {processor.py:753} INFO - DAG(s) dict_keys(['first_dag']) retrieved from /opt/airflow/dags/first_dag.py
[2022-12-27T14:29:06.620+0000] {logging_mixin.py:137} INFO - [2022-12-27T14:29:06.620+0000] {dag.py:2676} INFO - Sync 1 DAGs
[2022-12-27T14:29:06.657+0000] {logging_mixin.py:137} INFO - [2022-12-27T14:29:06.657+0000] {dag.py:3427} INFO - Setting next_dagrun for first_dag to 2022-12-27T00:00:00+00:00, run_after=2022-12-28T00:00:00+00:00
[2022-12-27T14:29:06.693+0000] {processor.py:175} INFO - Processing /opt/airflow/dags/first_dag.py took 0.148 seconds
[2022-12-27T14:29:36.897+0000] {processor.py:153} INFO - Started process (PID=2268) to work on /opt/airflow/dags/first_dag.py
[2022-12-27T14:29:36.910+0000] {processor.py:743} INFO - Processing file /opt/airflow/dags/first_dag.py for tasks to queue
[2022-12-27T14:29:36.914+0000] {logging_mixin.py:137} INFO - [2022-12-27T14:29:36.913+0000] {dagbag.py:538} INFO - Filling up the DagBag from /opt/airflow/dags/first_dag.py
[2022-12-27T14:29:36.945+0000] {processor.py:753} INFO - DAG(s) dict_keys(['first_dag']) retrieved from /opt/airflow/dags/first_dag.py
[2022-12-27T14:29:36.990+0000] {logging_mixin.py:137} INFO - [2022-12-27T14:29:36.989+0000] {dag.py:2676} INFO - Sync 1 DAGs
[2022-12-27T14:29:37.022+0000] {logging_mixin.py:137} INFO - [2022-12-27T14:29:37.022+0000] {dag.py:3427} INFO - Setting next_dagrun for first_dag to 2022-12-27T00:00:00+00:00, run_after=2022-12-28T00:00:00+00:00
[2022-12-27T14:29:37.056+0000] {processor.py:175} INFO - Processing /opt/airflow/dags/first_dag.py took 0.164 seconds
[2022-12-27T14:30:07.159+0000] {processor.py:153} INFO - Started process (PID=2298) to work on /opt/airflow/dags/first_dag.py
[2022-12-27T14:30:07.160+0000] {processor.py:743} INFO - Processing file /opt/airflow/dags/first_dag.py for tasks to queue
[2022-12-27T14:30:07.161+0000] {logging_mixin.py:137} INFO - [2022-12-27T14:30:07.160+0000] {dagbag.py:538} INFO - Filling up the DagBag from /opt/airflow/dags/first_dag.py
[2022-12-27T14:30:07.183+0000] {processor.py:753} INFO - DAG(s) dict_keys(['first_dag']) retrieved from /opt/airflow/dags/first_dag.py
[2022-12-27T14:30:07.232+0000] {logging_mixin.py:137} INFO - [2022-12-27T14:30:07.231+0000] {dag.py:2676} INFO - Sync 1 DAGs
[2022-12-27T14:30:07.264+0000] {logging_mixin.py:137} INFO - [2022-12-27T14:30:07.264+0000] {dag.py:3427} INFO - Setting next_dagrun for first_dag to 2022-12-27T00:00:00+00:00, run_after=2022-12-28T00:00:00+00:00
[2022-12-27T14:30:07.301+0000] {processor.py:175} INFO - Processing /opt/airflow/dags/first_dag.py took 0.147 seconds
[2022-12-27T14:30:37.505+0000] {processor.py:153} INFO - Started process (PID=2339) to work on /opt/airflow/dags/first_dag.py
[2022-12-27T14:30:37.517+0000] {processor.py:743} INFO - Processing file /opt/airflow/dags/first_dag.py for tasks to queue
[2022-12-27T14:30:37.518+0000] {logging_mixin.py:137} INFO - [2022-12-27T14:30:37.518+0000] {dagbag.py:538} INFO - Filling up the DagBag from /opt/airflow/dags/first_dag.py
[2022-12-27T14:30:37.547+0000] {processor.py:753} INFO - DAG(s) dict_keys(['first_dag']) retrieved from /opt/airflow/dags/first_dag.py
[2022-12-27T14:30:37.595+0000] {logging_mixin.py:137} INFO - [2022-12-27T14:30:37.595+0000] {dag.py:2676} INFO - Sync 1 DAGs
[2022-12-27T14:30:37.629+0000] {logging_mixin.py:137} INFO - [2022-12-27T14:30:37.629+0000] {dag.py:3427} INFO - Setting next_dagrun for first_dag to 2022-12-27T00:00:00+00:00, run_after=2022-12-28T00:00:00+00:00
[2022-12-27T14:30:37.670+0000] {processor.py:175} INFO - Processing /opt/airflow/dags/first_dag.py took 0.170 seconds
[2022-12-27T14:31:07.767+0000] {processor.py:153} INFO - Started process (PID=2367) to work on /opt/airflow/dags/first_dag.py
[2022-12-27T14:31:07.768+0000] {processor.py:743} INFO - Processing file /opt/airflow/dags/first_dag.py for tasks to queue
[2022-12-27T14:31:07.769+0000] {logging_mixin.py:137} INFO - [2022-12-27T14:31:07.769+0000] {dagbag.py:538} INFO - Filling up the DagBag from /opt/airflow/dags/first_dag.py
[2022-12-27T14:31:07.792+0000] {processor.py:753} INFO - DAG(s) dict_keys(['first_dag']) retrieved from /opt/airflow/dags/first_dag.py
[2022-12-27T14:31:07.836+0000] {logging_mixin.py:137} INFO - [2022-12-27T14:31:07.836+0000] {dag.py:2676} INFO - Sync 1 DAGs
[2022-12-27T14:31:07.872+0000] {logging_mixin.py:137} INFO - [2022-12-27T14:31:07.872+0000] {dag.py:3427} INFO - Setting next_dagrun for first_dag to 2022-12-27T00:00:00+00:00, run_after=2022-12-28T00:00:00+00:00
[2022-12-27T14:31:07.906+0000] {processor.py:175} INFO - Processing /opt/airflow/dags/first_dag.py took 0.150 seconds
[2022-12-27T14:31:38.157+0000] {processor.py:153} INFO - Started process (PID=2396) to work on /opt/airflow/dags/first_dag.py
[2022-12-27T14:31:38.170+0000] {processor.py:743} INFO - Processing file /opt/airflow/dags/first_dag.py for tasks to queue
[2022-12-27T14:31:38.174+0000] {logging_mixin.py:137} INFO - [2022-12-27T14:31:38.173+0000] {dagbag.py:538} INFO - Filling up the DagBag from /opt/airflow/dags/first_dag.py
[2022-12-27T14:31:38.221+0000] {processor.py:753} INFO - DAG(s) dict_keys(['first_dag']) retrieved from /opt/airflow/dags/first_dag.py
[2022-12-27T14:31:38.319+0000] {logging_mixin.py:137} INFO - [2022-12-27T14:31:38.319+0000] {dag.py:2676} INFO - Sync 1 DAGs
[2022-12-27T14:31:38.373+0000] {logging_mixin.py:137} INFO - [2022-12-27T14:31:38.373+0000] {dag.py:3427} INFO - Setting next_dagrun for first_dag to 2022-12-27T00:00:00+00:00, run_after=2022-12-28T00:00:00+00:00
[2022-12-27T14:31:38.406+0000] {processor.py:175} INFO - Processing /opt/airflow/dags/first_dag.py took 0.256 seconds
[2022-12-27T14:32:08.626+0000] {processor.py:153} INFO - Started process (PID=2437) to work on /opt/airflow/dags/first_dag.py
[2022-12-27T14:32:08.627+0000] {processor.py:743} INFO - Processing file /opt/airflow/dags/first_dag.py for tasks to queue
[2022-12-27T14:32:08.628+0000] {logging_mixin.py:137} INFO - [2022-12-27T14:32:08.628+0000] {dagbag.py:538} INFO - Filling up the DagBag from /opt/airflow/dags/first_dag.py
[2022-12-27T14:32:08.647+0000] {processor.py:753} INFO - DAG(s) dict_keys(['first_dag']) retrieved from /opt/airflow/dags/first_dag.py
[2022-12-27T14:32:08.700+0000] {logging_mixin.py:137} INFO - [2022-12-27T14:32:08.700+0000] {dag.py:2676} INFO - Sync 1 DAGs
[2022-12-27T14:32:08.748+0000] {logging_mixin.py:137} INFO - [2022-12-27T14:32:08.748+0000] {dag.py:3427} INFO - Setting next_dagrun for first_dag to 2022-12-27T00:00:00+00:00, run_after=2022-12-28T00:00:00+00:00
[2022-12-27T14:32:08.775+0000] {processor.py:175} INFO - Processing /opt/airflow/dags/first_dag.py took 0.154 seconds
[2022-12-27T14:32:38.847+0000] {processor.py:153} INFO - Started process (PID=2465) to work on /opt/airflow/dags/first_dag.py
[2022-12-27T14:32:38.860+0000] {processor.py:743} INFO - Processing file /opt/airflow/dags/first_dag.py for tasks to queue
[2022-12-27T14:32:38.861+0000] {logging_mixin.py:137} INFO - [2022-12-27T14:32:38.861+0000] {dagbag.py:538} INFO - Filling up the DagBag from /opt/airflow/dags/first_dag.py
[2022-12-27T14:32:38.891+0000] {processor.py:753} INFO - DAG(s) dict_keys(['first_dag']) retrieved from /opt/airflow/dags/first_dag.py
[2022-12-27T14:32:38.938+0000] {logging_mixin.py:137} INFO - [2022-12-27T14:32:38.938+0000] {dag.py:2676} INFO - Sync 1 DAGs
[2022-12-27T14:32:38.971+0000] {logging_mixin.py:137} INFO - [2022-12-27T14:32:38.971+0000] {dag.py:3427} INFO - Setting next_dagrun for first_dag to 2022-12-27T00:00:00+00:00, run_after=2022-12-28T00:00:00+00:00
[2022-12-27T14:32:38.994+0000] {processor.py:175} INFO - Processing /opt/airflow/dags/first_dag.py took 0.152 seconds
[2022-12-27T14:33:09.262+0000] {processor.py:153} INFO - Started process (PID=2495) to work on /opt/airflow/dags/first_dag.py
[2022-12-27T14:33:09.263+0000] {processor.py:743} INFO - Processing file /opt/airflow/dags/first_dag.py for tasks to queue
[2022-12-27T14:33:09.264+0000] {logging_mixin.py:137} INFO - [2022-12-27T14:33:09.264+0000] {dagbag.py:538} INFO - Filling up the DagBag from /opt/airflow/dags/first_dag.py
[2022-12-27T14:33:09.287+0000] {processor.py:753} INFO - DAG(s) dict_keys(['first_dag']) retrieved from /opt/airflow/dags/first_dag.py
[2022-12-27T14:33:09.331+0000] {logging_mixin.py:137} INFO - [2022-12-27T14:33:09.331+0000] {dag.py:2676} INFO - Sync 1 DAGs
[2022-12-27T14:33:09.364+0000] {logging_mixin.py:137} INFO - [2022-12-27T14:33:09.364+0000] {dag.py:3427} INFO - Setting next_dagrun for first_dag to 2022-12-27T00:00:00+00:00, run_after=2022-12-28T00:00:00+00:00
[2022-12-27T14:33:09.400+0000] {processor.py:175} INFO - Processing /opt/airflow/dags/first_dag.py took 0.144 seconds
[2022-12-27T14:33:39.487+0000] {processor.py:153} INFO - Started process (PID=2537) to work on /opt/airflow/dags/first_dag.py
[2022-12-27T14:33:39.499+0000] {processor.py:743} INFO - Processing file /opt/airflow/dags/first_dag.py for tasks to queue
[2022-12-27T14:33:39.500+0000] {logging_mixin.py:137} INFO - [2022-12-27T14:33:39.500+0000] {dagbag.py:538} INFO - Filling up the DagBag from /opt/airflow/dags/first_dag.py
[2022-12-27T14:33:39.522+0000] {processor.py:753} INFO - DAG(s) dict_keys(['first_dag']) retrieved from /opt/airflow/dags/first_dag.py
[2022-12-27T14:33:39.580+0000] {logging_mixin.py:137} INFO - [2022-12-27T14:33:39.580+0000] {dag.py:2676} INFO - Sync 1 DAGs
[2022-12-27T14:33:39.633+0000] {logging_mixin.py:137} INFO - [2022-12-27T14:33:39.633+0000] {dag.py:3427} INFO - Setting next_dagrun for first_dag to 2022-12-27T00:00:00+00:00, run_after=2022-12-28T00:00:00+00:00
[2022-12-27T14:33:39.669+0000] {processor.py:175} INFO - Processing /opt/airflow/dags/first_dag.py took 0.186 seconds
[2022-12-27T14:34:09.773+0000] {processor.py:153} INFO - Started process (PID=2566) to work on /opt/airflow/dags/first_dag.py
[2022-12-27T14:34:09.785+0000] {processor.py:743} INFO - Processing file /opt/airflow/dags/first_dag.py for tasks to queue
[2022-12-27T14:34:09.786+0000] {logging_mixin.py:137} INFO - [2022-12-27T14:34:09.786+0000] {dagbag.py:538} INFO - Filling up the DagBag from /opt/airflow/dags/first_dag.py
[2022-12-27T14:34:09.818+0000] {processor.py:753} INFO - DAG(s) dict_keys(['first_dag']) retrieved from /opt/airflow/dags/first_dag.py
[2022-12-27T14:34:09.879+0000] {logging_mixin.py:137} INFO - [2022-12-27T14:34:09.879+0000] {dag.py:2676} INFO - Sync 1 DAGs
[2022-12-27T14:34:09.924+0000] {logging_mixin.py:137} INFO - [2022-12-27T14:34:09.924+0000] {dag.py:3427} INFO - Setting next_dagrun for first_dag to 2022-12-27T00:00:00+00:00, run_after=2022-12-28T00:00:00+00:00
[2022-12-27T14:34:09.953+0000] {processor.py:175} INFO - Processing /opt/airflow/dags/first_dag.py took 0.185 seconds
[2022-12-27T14:34:40.165+0000] {processor.py:153} INFO - Started process (PID=2594) to work on /opt/airflow/dags/first_dag.py
[2022-12-27T14:34:40.166+0000] {processor.py:743} INFO - Processing file /opt/airflow/dags/first_dag.py for tasks to queue
[2022-12-27T14:34:40.168+0000] {logging_mixin.py:137} INFO - [2022-12-27T14:34:40.168+0000] {dagbag.py:538} INFO - Filling up the DagBag from /opt/airflow/dags/first_dag.py
[2022-12-27T14:34:40.193+0000] {processor.py:753} INFO - DAG(s) dict_keys(['first_dag']) retrieved from /opt/airflow/dags/first_dag.py
[2022-12-27T14:34:40.238+0000] {logging_mixin.py:137} INFO - [2022-12-27T14:34:40.237+0000] {dag.py:2676} INFO - Sync 1 DAGs
[2022-12-27T14:34:40.271+0000] {logging_mixin.py:137} INFO - [2022-12-27T14:34:40.271+0000] {dag.py:3427} INFO - Setting next_dagrun for first_dag to 2022-12-27T00:00:00+00:00, run_after=2022-12-28T00:00:00+00:00
[2022-12-27T14:34:40.307+0000] {processor.py:175} INFO - Processing /opt/airflow/dags/first_dag.py took 0.150 seconds
[2022-12-27T14:35:10.409+0000] {processor.py:153} INFO - Started process (PID=2632) to work on /opt/airflow/dags/first_dag.py
[2022-12-27T14:35:10.421+0000] {processor.py:743} INFO - Processing file /opt/airflow/dags/first_dag.py for tasks to queue
[2022-12-27T14:35:10.422+0000] {logging_mixin.py:137} INFO - [2022-12-27T14:35:10.422+0000] {dagbag.py:538} INFO - Filling up the DagBag from /opt/airflow/dags/first_dag.py
[2022-12-27T14:35:10.449+0000] {processor.py:753} INFO - DAG(s) dict_keys(['first_dag']) retrieved from /opt/airflow/dags/first_dag.py
[2022-12-27T14:35:10.502+0000] {logging_mixin.py:137} INFO - [2022-12-27T14:35:10.502+0000] {dag.py:2676} INFO - Sync 1 DAGs
[2022-12-27T14:35:10.539+0000] {logging_mixin.py:137} INFO - [2022-12-27T14:35:10.538+0000] {dag.py:3427} INFO - Setting next_dagrun for first_dag to 2022-12-27T00:00:00+00:00, run_after=2022-12-28T00:00:00+00:00
[2022-12-27T14:35:10.567+0000] {processor.py:175} INFO - Processing /opt/airflow/dags/first_dag.py took 0.164 seconds
[2022-12-27T14:35:40.759+0000] {processor.py:153} INFO - Started process (PID=2665) to work on /opt/airflow/dags/first_dag.py
[2022-12-27T14:35:40.759+0000] {processor.py:743} INFO - Processing file /opt/airflow/dags/first_dag.py for tasks to queue
[2022-12-27T14:35:40.761+0000] {logging_mixin.py:137} INFO - [2022-12-27T14:35:40.761+0000] {dagbag.py:538} INFO - Filling up the DagBag from /opt/airflow/dags/first_dag.py
[2022-12-27T14:35:40.783+0000] {processor.py:753} INFO - DAG(s) dict_keys(['first_dag']) retrieved from /opt/airflow/dags/first_dag.py
[2022-12-27T14:35:40.833+0000] {logging_mixin.py:137} INFO - [2022-12-27T14:35:40.832+0000] {dag.py:2676} INFO - Sync 1 DAGs
[2022-12-27T14:35:40.872+0000] {logging_mixin.py:137} INFO - [2022-12-27T14:35:40.872+0000] {dag.py:3427} INFO - Setting next_dagrun for first_dag to 2022-12-27T00:00:00+00:00, run_after=2022-12-28T00:00:00+00:00
[2022-12-27T14:35:40.895+0000] {processor.py:175} INFO - Processing /opt/airflow/dags/first_dag.py took 0.141 seconds
[2022-12-27T14:36:11.031+0000] {processor.py:153} INFO - Started process (PID=2694) to work on /opt/airflow/dags/first_dag.py
[2022-12-27T14:36:11.044+0000] {processor.py:743} INFO - Processing file /opt/airflow/dags/first_dag.py for tasks to queue
[2022-12-27T14:36:11.045+0000] {logging_mixin.py:137} INFO - [2022-12-27T14:36:11.045+0000] {dagbag.py:538} INFO - Filling up the DagBag from /opt/airflow/dags/first_dag.py
[2022-12-27T14:36:11.069+0000] {processor.py:753} INFO - DAG(s) dict_keys(['first_dag']) retrieved from /opt/airflow/dags/first_dag.py
[2022-12-27T14:36:11.115+0000] {logging_mixin.py:137} INFO - [2022-12-27T14:36:11.115+0000] {dag.py:2676} INFO - Sync 1 DAGs
[2022-12-27T14:36:11.148+0000] {logging_mixin.py:137} INFO - [2022-12-27T14:36:11.148+0000] {dag.py:3427} INFO - Setting next_dagrun for first_dag to 2022-12-27T00:00:00+00:00, run_after=2022-12-28T00:00:00+00:00
[2022-12-27T14:36:11.184+0000] {processor.py:175} INFO - Processing /opt/airflow/dags/first_dag.py took 0.161 seconds
[2022-12-27T14:36:41.410+0000] {processor.py:153} INFO - Started process (PID=2723) to work on /opt/airflow/dags/first_dag.py
[2022-12-27T14:36:41.416+0000] {processor.py:743} INFO - Processing file /opt/airflow/dags/first_dag.py for tasks to queue
[2022-12-27T14:36:41.418+0000] {logging_mixin.py:137} INFO - [2022-12-27T14:36:41.418+0000] {dagbag.py:538} INFO - Filling up the DagBag from /opt/airflow/dags/first_dag.py
[2022-12-27T14:36:41.444+0000] {processor.py:753} INFO - DAG(s) dict_keys(['first_dag']) retrieved from /opt/airflow/dags/first_dag.py
[2022-12-27T14:36:41.489+0000] {logging_mixin.py:137} INFO - [2022-12-27T14:36:41.489+0000] {dag.py:2676} INFO - Sync 1 DAGs
[2022-12-27T14:36:41.522+0000] {logging_mixin.py:137} INFO - [2022-12-27T14:36:41.522+0000] {dag.py:3427} INFO - Setting next_dagrun for first_dag to 2022-12-27T00:00:00+00:00, run_after=2022-12-28T00:00:00+00:00
[2022-12-27T14:36:41.559+0000] {processor.py:175} INFO - Processing /opt/airflow/dags/first_dag.py took 0.154 seconds
[2022-12-27T14:37:11.622+0000] {processor.py:153} INFO - Started process (PID=2764) to work on /opt/airflow/dags/first_dag.py
[2022-12-27T14:37:11.634+0000] {processor.py:743} INFO - Processing file /opt/airflow/dags/first_dag.py for tasks to queue
[2022-12-27T14:37:11.635+0000] {logging_mixin.py:137} INFO - [2022-12-27T14:37:11.635+0000] {dagbag.py:538} INFO - Filling up the DagBag from /opt/airflow/dags/first_dag.py
[2022-12-27T14:37:11.656+0000] {processor.py:753} INFO - DAG(s) dict_keys(['first_dag']) retrieved from /opt/airflow/dags/first_dag.py
[2022-12-27T14:37:11.702+0000] {logging_mixin.py:137} INFO - [2022-12-27T14:37:11.701+0000] {dag.py:2676} INFO - Sync 1 DAGs
[2022-12-27T14:37:11.744+0000] {logging_mixin.py:137} INFO - [2022-12-27T14:37:11.744+0000] {dag.py:3427} INFO - Setting next_dagrun for first_dag to 2022-12-27T00:00:00+00:00, run_after=2022-12-28T00:00:00+00:00
[2022-12-27T14:37:11.786+0000] {processor.py:175} INFO - Processing /opt/airflow/dags/first_dag.py took 0.169 seconds
