[2022-12-27T13:57:04.933+0000] {manager.py:483} INFO - Processing files using up to 2 processes at a time 
[2022-12-27T13:57:04.937+0000] {manager.py:484} INFO - Process each file at most once every 30 seconds
[2022-12-27T13:57:04.937+0000] {manager.py:486} INFO - Checking for new files in /opt/airflow/dags every 300 seconds
[2022-12-27T13:57:04.937+0000] {manager.py:726} INFO - Searching for files in /opt/airflow/dags
[2022-12-27T13:57:04.939+0000] {manager.py:729} INFO - There are 1 files in /opt/airflow/dags
[2022-12-27T13:57:05.013+0000] {manager.py:851} INFO - 
================================================================================
DAG File Processing Stats

File Path                         PID  Runtime      # DAGs    # Errors  Last Runtime    Last Run
------------------------------  -----  ---------  --------  ----------  --------------  ----------
/opt/airflow/dags/first_dag.py    178  0.02s             0           0
================================================================================
[2022-12-27T13:57:35.233+0000] {manager.py:851} INFO - 
================================================================================
DAG File Processing Stats

File Path                         PID  Runtime      # DAGs    # Errors  Last Runtime    Last Run
------------------------------  -----  ---------  --------  ----------  --------------  -------------------
/opt/airflow/dags/first_dag.py    207  0.01s             0           1  0.07s           2022-12-27T13:57:05
================================================================================
[2022-12-27T13:58:05.492+0000] {manager.py:851} INFO - 
================================================================================
DAG File Processing Stats

File Path                         PID  Runtime      # DAGs    # Errors  Last Runtime    Last Run
------------------------------  -----  ---------  --------  ----------  --------------  -------------------
/opt/airflow/dags/first_dag.py    237  0.01s             0           1  0.07s           2022-12-27T13:57:35
================================================================================
[2022-12-27T13:58:35.716+0000] {manager.py:851} INFO - 
================================================================================
DAG File Processing Stats

File Path                         PID  Runtime      # DAGs    # Errors  Last Runtime    Last Run
------------------------------  -----  ---------  --------  ----------  --------------  -------------------
/opt/airflow/dags/first_dag.py    275  0.01s             0           1  0.07s           2022-12-27T13:58:05
================================================================================
[2022-12-27T13:59:06.057+0000] {manager.py:851} INFO - 
================================================================================
DAG File Processing Stats

File Path                         PID  Runtime      # DAGs    # Errors  Last Runtime    Last Run
------------------------------  -----  ---------  --------  ----------  --------------  -------------------
/opt/airflow/dags/first_dag.py    307  0.01s             0           1  0.06s           2022-12-27T13:58:35
================================================================================
[2022-12-27T13:59:36.319+0000] {manager.py:851} INFO - 
================================================================================
DAG File Processing Stats

File Path                         PID  Runtime      # DAGs    # Errors  Last Runtime    Last Run
------------------------------  -----  ---------  --------  ----------  --------------  -------------------
/opt/airflow/dags/first_dag.py    336  0.02s             0           1  0.07s           2022-12-27T13:59:06
================================================================================
[2022-12-27T14:00:06.614+0000] {manager.py:851} INFO - 
================================================================================
DAG File Processing Stats

File Path                         PID  Runtime      # DAGs    # Errors  Last Runtime    Last Run
------------------------------  -----  ---------  --------  ----------  --------------  -------------------
/opt/airflow/dags/first_dag.py    365  0.02s             0           1  0.09s           2022-12-27T13:59:36
================================================================================
[2022-12-27T14:00:36.907+0000] {manager.py:851} INFO - 
================================================================================
DAG File Processing Stats

File Path                         PID  Runtime      # DAGs    # Errors  Last Runtime    Last Run
------------------------------  -----  ---------  --------  ----------  --------------  -------------------
/opt/airflow/dags/first_dag.py    394  0.02s             0           1  0.08s           2022-12-27T14:00:06
================================================================================
[2022-12-27T14:01:07.133+0000] {manager.py:851} INFO - 
================================================================================
DAG File Processing Stats

File Path                         PID  Runtime      # DAGs    # Errors  Last Runtime    Last Run
------------------------------  -----  ---------  --------  ----------  --------------  -------------------
/opt/airflow/dags/first_dag.py    432  0.01s             0           1  0.07s           2022-12-27T14:00:36
================================================================================
[2022-12-27T14:01:37.402+0000] {manager.py:851} INFO - 
================================================================================
DAG File Processing Stats

File Path                         PID  Runtime      # DAGs    # Errors  Last Runtime    Last Run
------------------------------  -----  ---------  --------  ----------  --------------  -------------------
/opt/airflow/dags/first_dag.py    465  0.01s             0           1  0.06s           2022-12-27T14:01:07
================================================================================
[2022-12-27T14:02:05.625+0000] {manager.py:726} INFO - Searching for files in /opt/airflow/dags
[2022-12-27T14:02:05.627+0000] {manager.py:729} INFO - There are 1 files in /opt/airflow/dags
[2022-12-27T14:02:07.682+0000] {manager.py:851} INFO - 
================================================================================
DAG File Processing Stats

File Path                         PID  Runtime      # DAGs    # Errors  Last Runtime    Last Run
------------------------------  -----  ---------  --------  ----------  --------------  -------------------
/opt/airflow/dags/first_dag.py    494  0.01s             0           1  0.08s           2022-12-27T14:01:37
================================================================================
[2022-12-27T14:02:38.015+0000] {manager.py:851} INFO - 
================================================================================
DAG File Processing Stats

File Path                         PID  Runtime      # DAGs    # Errors  Last Runtime    Last Run
------------------------------  -----  ---------  --------  ----------  --------------  -------------------
/opt/airflow/dags/first_dag.py    522  0.02s             0           1  0.07s           2022-12-27T14:02:07
================================================================================
[2022-12-27T14:03:08.348+0000] {manager.py:851} INFO - 
================================================================================
DAG File Processing Stats

File Path                       PID    Runtime      # DAGs    # Errors  Last Runtime    Last Run
------------------------------  -----  ---------  --------  ----------  --------------  -------------------
/opt/airflow/dags/first_dag.py                           0           1  0.11s           2022-12-27T14:03:01
================================================================================
[2022-12-27T14:03:38.635+0000] {manager.py:851} INFO - 
================================================================================
DAG File Processing Stats

File Path                       PID    Runtime      # DAGs    # Errors  Last Runtime    Last Run
------------------------------  -----  ---------  --------  ----------  --------------  -------------------
/opt/airflow/dags/first_dag.py                           0           1  0.09s           2022-12-27T14:03:31
================================================================================
[2022-12-27T14:04:08.897+0000] {manager.py:851} INFO - 
================================================================================
DAG File Processing Stats

File Path                       PID    Runtime      # DAGs    # Errors  Last Runtime    Last Run
------------------------------  -----  ---------  --------  ----------  --------------  -------------------
/opt/airflow/dags/first_dag.py                           1           0  0.46s           2022-12-27T14:03:51
================================================================================
[2022-12-27T14:04:39.541+0000] {manager.py:851} INFO - 
================================================================================
DAG File Processing Stats

File Path                       PID    Runtime      # DAGs    # Errors  Last Runtime    Last Run
------------------------------  -----  ---------  --------  ----------  --------------  -------------------
/opt/airflow/dags/first_dag.py                           1           0  0.29s           2022-12-27T14:04:21
================================================================================
[2022-12-27T14:05:10.028+0000] {manager.py:851} INFO - 
================================================================================
DAG File Processing Stats

File Path                       PID    Runtime      # DAGs    # Errors  Last Runtime    Last Run
------------------------------  -----  ---------  --------  ----------  --------------  -------------------
/opt/airflow/dags/first_dag.py                           1           0  0.19s           2022-12-27T14:04:52
================================================================================
[2022-12-27T14:05:40.418+0000] {manager.py:851} INFO - 
================================================================================
DAG File Processing Stats

File Path                       PID    Runtime      # DAGs    # Errors  Last Runtime    Last Run
------------------------------  -----  ---------  --------  ----------  --------------  -------------------
/opt/airflow/dags/first_dag.py                           1           0  0.20s           2022-12-27T14:05:22
================================================================================
[2022-12-27T14:06:10.673+0000] {manager.py:851} INFO - 
================================================================================
DAG File Processing Stats

File Path                       PID    Runtime      # DAGs    # Errors  Last Runtime    Last Run
------------------------------  -----  ---------  --------  ----------  --------------  -------------------
/opt/airflow/dags/first_dag.py                           1           0  0.22s           2022-12-27T14:05:52
================================================================================
[2022-12-27T14:06:41.096+0000] {manager.py:851} INFO - 
================================================================================
DAG File Processing Stats

File Path                       PID    Runtime      # DAGs    # Errors  Last Runtime    Last Run
------------------------------  -----  ---------  --------  ----------  --------------  -------------------
/opt/airflow/dags/first_dag.py                           1           0  0.21s           2022-12-27T14:06:22
================================================================================
[2022-12-27T14:07:06.298+0000] {manager.py:726} INFO - Searching for files in /opt/airflow/dags
[2022-12-27T14:07:06.303+0000] {manager.py:729} INFO - There are 1 files in /opt/airflow/dags
[2022-12-27T14:07:11.369+0000] {manager.py:851} INFO - 
================================================================================
DAG File Processing Stats

File Path                       PID    Runtime      # DAGs    # Errors  Last Runtime    Last Run
------------------------------  -----  ---------  --------  ----------  --------------  -------------------
/opt/airflow/dags/first_dag.py                           1           0  0.21s           2022-12-27T14:06:53
================================================================================
[2022-12-27T14:07:41.706+0000] {manager.py:851} INFO - 
================================================================================
DAG File Processing Stats

File Path                       PID    Runtime      # DAGs    # Errors  Last Runtime    Last Run
------------------------------  -----  ---------  --------  ----------  --------------  -------------------
/opt/airflow/dags/first_dag.py                           1           0  0.18s           2022-12-27T14:07:23
================================================================================
[2022-12-27T14:08:11.942+0000] {manager.py:851} INFO - 
================================================================================
DAG File Processing Stats

File Path                       PID    Runtime      # DAGs    # Errors  Last Runtime    Last Run
------------------------------  -----  ---------  --------  ----------  --------------  -------------------
/opt/airflow/dags/first_dag.py                           1           0  0.20s           2022-12-27T14:07:53
================================================================================
[2022-12-27T14:08:42.307+0000] {manager.py:851} INFO - 
================================================================================
DAG File Processing Stats

File Path                       PID    Runtime      # DAGs    # Errors  Last Runtime    Last Run
------------------------------  -----  ---------  --------  ----------  --------------  -------------------
/opt/airflow/dags/first_dag.py                           1           0  0.19s           2022-12-27T14:08:24
================================================================================
[2022-12-27T14:09:12.547+0000] {manager.py:851} INFO - 
================================================================================
DAG File Processing Stats

File Path                       PID    Runtime      # DAGs    # Errors  Last Runtime    Last Run
------------------------------  -----  ---------  --------  ----------  --------------  -------------------
/opt/airflow/dags/first_dag.py                           1           0  0.20s           2022-12-27T14:08:54
================================================================================
[2022-12-27T14:09:42.877+0000] {manager.py:851} INFO - 
================================================================================
DAG File Processing Stats

File Path                       PID    Runtime      # DAGs    # Errors  Last Runtime    Last Run
------------------------------  -----  ---------  --------  ----------  --------------  -------------------
/opt/airflow/dags/first_dag.py                           1           0  0.20s           2022-12-27T14:09:24
================================================================================
[2022-12-27T14:10:13.117+0000] {manager.py:851} INFO - 
================================================================================
DAG File Processing Stats

File Path                       PID    Runtime      # DAGs    # Errors  Last Runtime    Last Run
------------------------------  -----  ---------  --------  ----------  --------------  -------------------
/opt/airflow/dags/first_dag.py                           1           0  0.20s           2022-12-27T14:09:55
================================================================================
[2022-12-27T14:10:43.462+0000] {manager.py:851} INFO - 
================================================================================
DAG File Processing Stats

File Path                       PID    Runtime      # DAGs    # Errors  Last Runtime    Last Run
------------------------------  -----  ---------  --------  ----------  --------------  -------------------
/opt/airflow/dags/first_dag.py                           1           0  0.17s           2022-12-27T14:10:25
================================================================================
[2022-12-27T14:11:13.689+0000] {manager.py:851} INFO - 
================================================================================
DAG File Processing Stats

File Path                       PID    Runtime      # DAGs    # Errors  Last Runtime    Last Run
------------------------------  -----  ---------  --------  ----------  --------------  -------------------
/opt/airflow/dags/first_dag.py                           1           0  0.21s           2022-12-27T14:10:55
================================================================================
[2022-12-27T14:11:43.919+0000] {manager.py:851} INFO - 
================================================================================
DAG File Processing Stats

File Path                       PID    Runtime      # DAGs    # Errors  Last Runtime    Last Run
------------------------------  -----  ---------  --------  ----------  --------------  -------------------
/opt/airflow/dags/first_dag.py                           1           0  0.18s           2022-12-27T14:11:25
================================================================================
[2022-12-27T14:12:06.379+0000] {manager.py:726} INFO - Searching for files in /opt/airflow/dags
[2022-12-27T14:12:06.384+0000] {manager.py:729} INFO - There are 1 files in /opt/airflow/dags
[2022-12-27T14:12:14.318+0000] {manager.py:851} INFO - 
================================================================================
DAG File Processing Stats

File Path                       PID    Runtime      # DAGs    # Errors  Last Runtime    Last Run
------------------------------  -----  ---------  --------  ----------  --------------  -------------------
/opt/airflow/dags/first_dag.py                           1           0  0.32s           2022-12-27T14:11:56
================================================================================
[2022-12-27T14:12:44.653+0000] {manager.py:851} INFO - 
================================================================================
DAG File Processing Stats

File Path                       PID    Runtime      # DAGs    # Errors  Last Runtime    Last Run
------------------------------  -----  ---------  --------  ----------  --------------  -------------------
/opt/airflow/dags/first_dag.py                           1           0  0.30s           2022-12-27T14:12:26
================================================================================
[2022-12-27T14:13:15.072+0000] {manager.py:851} INFO - 
================================================================================
DAG File Processing Stats

File Path                       PID    Runtime      # DAGs    # Errors  Last Runtime    Last Run
------------------------------  -----  ---------  --------  ----------  --------------  -------------------
/opt/airflow/dags/first_dag.py                           1           0  0.19s           2022-12-27T14:12:56
================================================================================
[2022-12-27T14:13:45.303+0000] {manager.py:851} INFO - 
================================================================================
DAG File Processing Stats

File Path                       PID    Runtime      # DAGs    # Errors  Last Runtime    Last Run
------------------------------  -----  ---------  --------  ----------  --------------  -------------------
/opt/airflow/dags/first_dag.py                           1           0  0.18s           2022-12-27T14:13:27
================================================================================
[2022-12-27T14:14:15.665+0000] {manager.py:851} INFO - 
================================================================================
DAG File Processing Stats

File Path                       PID    Runtime      # DAGs    # Errors  Last Runtime    Last Run
------------------------------  -----  ---------  --------  ----------  --------------  -------------------
/opt/airflow/dags/first_dag.py                           1           0  0.19s           2022-12-27T14:13:57
================================================================================
[2022-12-27T14:14:45.901+0000] {manager.py:851} INFO - 
================================================================================
DAG File Processing Stats

File Path                       PID    Runtime      # DAGs    # Errors  Last Runtime    Last Run
------------------------------  -----  ---------  --------  ----------  --------------  -------------------
/opt/airflow/dags/first_dag.py                           1           0  0.17s           2022-12-27T14:14:27
================================================================================
[2022-12-27T14:15:16.239+0000] {manager.py:851} INFO - 
================================================================================
DAG File Processing Stats

File Path                       PID    Runtime      # DAGs    # Errors  Last Runtime    Last Run
------------------------------  -----  ---------  --------  ----------  --------------  -------------------
/opt/airflow/dags/first_dag.py                           1           0  0.17s           2022-12-27T14:14:58
================================================================================
[2022-12-27T14:15:46.468+0000] {manager.py:851} INFO - 
================================================================================
DAG File Processing Stats

File Path                       PID    Runtime      # DAGs    # Errors  Last Runtime    Last Run
------------------------------  -----  ---------  --------  ----------  --------------  -------------------
/opt/airflow/dags/first_dag.py                           1           0  0.22s           2022-12-27T14:15:28
================================================================================
[2022-12-27T14:16:16.859+0000] {manager.py:851} INFO - 
================================================================================
DAG File Processing Stats

File Path                       PID    Runtime      # DAGs    # Errors  Last Runtime    Last Run
------------------------------  -----  ---------  --------  ----------  --------------  -------------------
/opt/airflow/dags/first_dag.py                           1           0  0.19s           2022-12-27T14:15:58
================================================================================
[2022-12-27T14:16:47.109+0000] {manager.py:851} INFO - 
================================================================================
DAG File Processing Stats

File Path                       PID    Runtime      # DAGs    # Errors  Last Runtime    Last Run
------------------------------  -----  ---------  --------  ----------  --------------  -------------------
/opt/airflow/dags/first_dag.py                           1           0  0.18s           2022-12-27T14:16:29
================================================================================
[2022-12-27T14:17:06.387+0000] {manager.py:726} INFO - Searching for files in /opt/airflow/dags
[2022-12-27T14:17:06.389+0000] {manager.py:729} INFO - There are 1 files in /opt/airflow/dags
[2022-12-27T14:17:17.422+0000] {manager.py:851} INFO - 
================================================================================
DAG File Processing Stats

File Path                       PID    Runtime      # DAGs    # Errors  Last Runtime    Last Run
------------------------------  -----  ---------  --------  ----------  --------------  -------------------
/opt/airflow/dags/first_dag.py                           1           0  0.17s           2022-12-27T14:16:59
================================================================================
[2022-12-27T14:17:47.650+0000] {manager.py:851} INFO - 
================================================================================
DAG File Processing Stats

File Path                       PID    Runtime      # DAGs    # Errors  Last Runtime    Last Run
------------------------------  -----  ---------  --------  ----------  --------------  -------------------
/opt/airflow/dags/first_dag.py                           1           0  0.18s           2022-12-27T14:17:29
================================================================================
[2022-12-27T14:18:17.999+0000] {manager.py:851} INFO - 
================================================================================
DAG File Processing Stats

File Path                       PID    Runtime      # DAGs    # Errors  Last Runtime    Last Run
------------------------------  -----  ---------  --------  ----------  --------------  -------------------
/opt/airflow/dags/first_dag.py                           1           0  0.21s           2022-12-27T14:17:59
================================================================================
[2022-12-27T14:18:48.307+0000] {manager.py:851} INFO - 
================================================================================
DAG File Processing Stats

File Path                       PID    Runtime      # DAGs    # Errors  Last Runtime    Last Run
------------------------------  -----  ---------  --------  ----------  --------------  -------------------
/opt/airflow/dags/first_dag.py                           1           0  0.20s           2022-12-27T14:18:30
================================================================================
[2022-12-27T14:19:18.618+0000] {manager.py:851} INFO - 
================================================================================
DAG File Processing Stats

File Path                       PID    Runtime      # DAGs    # Errors  Last Runtime    Last Run
------------------------------  -----  ---------  --------  ----------  --------------  -------------------
/opt/airflow/dags/first_dag.py                           1           0  0.20s           2022-12-27T14:19:00
================================================================================
[2022-12-27T14:19:48.933+0000] {manager.py:851} INFO - 
================================================================================
DAG File Processing Stats

File Path                       PID    Runtime      # DAGs    # Errors  Last Runtime    Last Run
------------------------------  -----  ---------  --------  ----------  --------------  -------------------
/opt/airflow/dags/first_dag.py                           1           0  0.18s           2022-12-27T14:19:30
================================================================================
[2022-12-27T14:20:19.219+0000] {manager.py:851} INFO - 
================================================================================
DAG File Processing Stats

File Path                       PID    Runtime      # DAGs    # Errors  Last Runtime    Last Run
------------------------------  -----  ---------  --------  ----------  --------------  -------------------
/opt/airflow/dags/first_dag.py                           1           0  0.20s           2022-12-27T14:20:01
================================================================================
[2022-12-27T14:20:49.538+0000] {manager.py:851} INFO - 
================================================================================
DAG File Processing Stats

File Path                       PID    Runtime      # DAGs    # Errors  Last Runtime    Last Run
------------------------------  -----  ---------  --------  ----------  --------------  -------------------
/opt/airflow/dags/first_dag.py                           1           0  0.17s           2022-12-27T14:20:31
================================================================================
[2022-12-27T14:21:19.799+0000] {manager.py:851} INFO - 
================================================================================
DAG File Processing Stats

File Path                       PID    Runtime      # DAGs    # Errors  Last Runtime    Last Run
------------------------------  -----  ---------  --------  ----------  --------------  -------------------
/opt/airflow/dags/first_dag.py                           1           0  0.18s           2022-12-27T14:21:01
================================================================================
[2022-12-27T14:21:50.170+0000] {manager.py:851} INFO - 
================================================================================
DAG File Processing Stats

File Path                       PID    Runtime      # DAGs    # Errors  Last Runtime    Last Run
------------------------------  -----  ---------  --------  ----------  --------------  -------------------
/opt/airflow/dags/first_dag.py                           1           0  0.20s           2022-12-27T14:21:32
================================================================================
[2022-12-27T14:22:06.521+0000] {manager.py:726} INFO - Searching for files in /opt/airflow/dags
[2022-12-27T14:22:06.523+0000] {manager.py:729} INFO - There are 1 files in /opt/airflow/dags
[2022-12-27T14:22:20.440+0000] {manager.py:851} INFO - 
================================================================================
DAG File Processing Stats

File Path                       PID    Runtime      # DAGs    # Errors  Last Runtime    Last Run
------------------------------  -----  ---------  --------  ----------  --------------  -------------------
/opt/airflow/dags/first_dag.py                           1           0  0.24s           2022-12-27T14:22:02
================================================================================
[2022-12-27T14:22:50.671+0000] {manager.py:851} INFO - 
================================================================================
DAG File Processing Stats

File Path                       PID    Runtime      # DAGs    # Errors  Last Runtime    Last Run
------------------------------  -----  ---------  --------  ----------  --------------  -------------------
/opt/airflow/dags/first_dag.py                           1           0  0.17s           2022-12-27T14:22:32
================================================================================
[2022-12-27T14:23:21.047+0000] {manager.py:851} INFO - 
================================================================================
DAG File Processing Stats

File Path                       PID    Runtime      # DAGs    # Errors  Last Runtime    Last Run
------------------------------  -----  ---------  --------  ----------  --------------  -------------------
/opt/airflow/dags/first_dag.py                           1           0  0.20s           2022-12-27T14:23:02
================================================================================
[2022-12-27T14:23:51.271+0000] {manager.py:851} INFO - 
================================================================================
DAG File Processing Stats

File Path                       PID    Runtime      # DAGs    # Errors  Last Runtime    Last Run
------------------------------  -----  ---------  --------  ----------  --------------  -------------------
/opt/airflow/dags/first_dag.py                           1           0  0.18s           2022-12-27T14:23:33
================================================================================
[2022-12-27T14:24:21.633+0000] {manager.py:851} INFO - 
================================================================================
DAG File Processing Stats

File Path                       PID    Runtime      # DAGs    # Errors  Last Runtime    Last Run
------------------------------  -----  ---------  --------  ----------  --------------  -------------------
/opt/airflow/dags/first_dag.py                           1           0  0.21s           2022-12-27T14:24:03
================================================================================
[2022-12-27T14:24:51.944+0000] {manager.py:851} INFO - 
================================================================================
DAG File Processing Stats

File Path                       PID    Runtime      # DAGs    # Errors  Last Runtime    Last Run
------------------------------  -----  ---------  --------  ----------  --------------  -------------------
/opt/airflow/dags/first_dag.py                           1           0  0.22s           2022-12-27T14:24:33
================================================================================
[2022-12-27T14:25:22.281+0000] {manager.py:851} INFO - 
================================================================================
DAG File Processing Stats

File Path                       PID    Runtime      # DAGs    # Errors  Last Runtime    Last Run
------------------------------  -----  ---------  --------  ----------  --------------  -------------------
/opt/airflow/dags/first_dag.py                           1           0  0.22s           2022-12-27T14:25:04
================================================================================
[2022-12-27T14:25:52.570+0000] {manager.py:851} INFO - 
================================================================================
DAG File Processing Stats

File Path                       PID    Runtime      # DAGs    # Errors  Last Runtime    Last Run
------------------------------  -----  ---------  --------  ----------  --------------  -------------------
/opt/airflow/dags/first_dag.py                           1           0  0.18s           2022-12-27T14:25:34
================================================================================
[2022-12-27T14:26:22.888+0000] {manager.py:851} INFO - 
================================================================================
DAG File Processing Stats

File Path                       PID    Runtime      # DAGs    # Errors  Last Runtime    Last Run
------------------------------  -----  ---------  --------  ----------  --------------  -------------------
/opt/airflow/dags/first_dag.py                           1           0  0.22s           2022-12-27T14:26:04
================================================================================
[2022-12-27T14:26:53.190+0000] {manager.py:851} INFO - 
================================================================================
DAG File Processing Stats

File Path                       PID    Runtime      # DAGs    # Errors  Last Runtime    Last Run
------------------------------  -----  ---------  --------  ----------  --------------  -------------------
/opt/airflow/dags/first_dag.py                           1           0  0.25s           2022-12-27T14:26:35
================================================================================
[2022-12-27T14:27:07.434+0000] {manager.py:726} INFO - Searching for files in /opt/airflow/dags
[2022-12-27T14:27:07.439+0000] {manager.py:729} INFO - There are 1 files in /opt/airflow/dags
[2022-12-27T14:27:23.590+0000] {manager.py:851} INFO - 
================================================================================
DAG File Processing Stats

File Path                       PID    Runtime      # DAGs    # Errors  Last Runtime    Last Run
------------------------------  -----  ---------  --------  ----------  --------------  -------------------
/opt/airflow/dags/first_dag.py                           1           0  0.18s           2022-12-27T14:27:05
================================================================================
[2022-12-27T14:27:53.818+0000] {manager.py:851} INFO - 
================================================================================
DAG File Processing Stats

File Path                       PID    Runtime      # DAGs    # Errors  Last Runtime    Last Run
------------------------------  -----  ---------  --------  ----------  --------------  -------------------
/opt/airflow/dags/first_dag.py                           1           0  0.18s           2022-12-27T14:27:35
================================================================================
[2022-12-27T14:28:24.180+0000] {manager.py:851} INFO - 
================================================================================
DAG File Processing Stats

File Path                       PID    Runtime      # DAGs    # Errors  Last Runtime    Last Run
------------------------------  -----  ---------  --------  ----------  --------------  -------------------
/opt/airflow/dags/first_dag.py                           1           0  0.21s           2022-12-27T14:28:06
================================================================================
[2022-12-27T14:28:54.435+0000] {manager.py:851} INFO - 
================================================================================
DAG File Processing Stats

File Path                       PID    Runtime      # DAGs    # Errors  Last Runtime    Last Run
------------------------------  -----  ---------  --------  ----------  --------------  -------------------
/opt/airflow/dags/first_dag.py                           1           0  0.19s           2022-12-27T14:28:36
================================================================================
[2022-12-27T14:29:24.788+0000] {manager.py:851} INFO - 
================================================================================
DAG File Processing Stats

File Path                       PID    Runtime      # DAGs    # Errors  Last Runtime    Last Run
------------------------------  -----  ---------  --------  ----------  --------------  -------------------
/opt/airflow/dags/first_dag.py                           1           0  0.17s           2022-12-27T14:29:06
================================================================================
[2022-12-27T14:29:55.039+0000] {manager.py:851} INFO - 
================================================================================
DAG File Processing Stats

File Path                       PID    Runtime      # DAGs    # Errors  Last Runtime    Last Run
------------------------------  -----  ---------  --------  ----------  --------------  -------------------
/opt/airflow/dags/first_dag.py                           1           0  0.20s           2022-12-27T14:29:37
================================================================================
[2022-12-27T14:30:25.395+0000] {manager.py:851} INFO - 
================================================================================
DAG File Processing Stats

File Path                       PID    Runtime      # DAGs    # Errors  Last Runtime    Last Run
------------------------------  -----  ---------  --------  ----------  --------------  -------------------
/opt/airflow/dags/first_dag.py                           1           0  0.18s           2022-12-27T14:30:07
================================================================================
[2022-12-27T14:30:55.639+0000] {manager.py:851} INFO - 
================================================================================
DAG File Processing Stats

File Path                       PID    Runtime      # DAGs    # Errors  Last Runtime    Last Run
------------------------------  -----  ---------  --------  ----------  --------------  -------------------
/opt/airflow/dags/first_dag.py                           1           0  0.19s           2022-12-27T14:30:37
================================================================================
[2022-12-27T14:31:26.028+0000] {manager.py:851} INFO - 
================================================================================
DAG File Processing Stats

File Path                       PID    Runtime      # DAGs    # Errors  Last Runtime    Last Run
------------------------------  -----  ---------  --------  ----------  --------------  -------------------
/opt/airflow/dags/first_dag.py                           1           0  0.20s           2022-12-27T14:31:07
================================================================================
[2022-12-27T14:31:56.284+0000] {manager.py:851} INFO - 
================================================================================
DAG File Processing Stats

File Path                       PID    Runtime      # DAGs    # Errors  Last Runtime    Last Run
------------------------------  -----  ---------  --------  ----------  --------------  -------------------
/opt/airflow/dags/first_dag.py                           1           0  0.29s           2022-12-27T14:31:38
================================================================================
[2022-12-27T14:32:07.595+0000] {manager.py:726} INFO - Searching for files in /opt/airflow/dags
[2022-12-27T14:32:07.597+0000] {manager.py:729} INFO - There are 1 files in /opt/airflow/dags
[2022-12-27T14:32:26.745+0000] {manager.py:851} INFO - 
================================================================================
DAG File Processing Stats

File Path                       PID    Runtime      # DAGs    # Errors  Last Runtime    Last Run
------------------------------  -----  ---------  --------  ----------  --------------  -------------------
/opt/airflow/dags/first_dag.py                           1           0  0.18s           2022-12-27T14:32:08
================================================================================
[2022-12-27T14:32:57.133+0000] {manager.py:851} INFO - 
================================================================================
DAG File Processing Stats

File Path                       PID    Runtime      # DAGs    # Errors  Last Runtime    Last Run
------------------------------  -----  ---------  --------  ----------  --------------  -------------------
/opt/airflow/dags/first_dag.py                           1           0  0.17s           2022-12-27T14:32:39
================================================================================
[2022-12-27T14:33:27.394+0000] {manager.py:851} INFO - 
================================================================================
DAG File Processing Stats

File Path                       PID    Runtime      # DAGs    # Errors  Last Runtime    Last Run
------------------------------  -----  ---------  --------  ----------  --------------  -------------------
/opt/airflow/dags/first_dag.py                           1           0  0.18s           2022-12-27T14:33:09
================================================================================
[2022-12-27T14:33:57.685+0000] {manager.py:851} INFO - 
================================================================================
DAG File Processing Stats

File Path                       PID    Runtime      # DAGs    # Errors  Last Runtime    Last Run
------------------------------  -----  ---------  --------  ----------  --------------  -------------------
/opt/airflow/dags/first_dag.py                           1           0  0.21s           2022-12-27T14:33:39
================================================================================
[2022-12-27T14:34:28.027+0000] {manager.py:851} INFO - 
================================================================================
DAG File Processing Stats

File Path                       PID    Runtime      # DAGs    # Errors  Last Runtime    Last Run
------------------------------  -----  ---------  --------  ----------  --------------  -------------------
/opt/airflow/dags/first_dag.py                           1           0  0.21s           2022-12-27T14:34:09
================================================================================
[2022-12-27T14:34:58.308+0000] {manager.py:851} INFO - 
================================================================================
DAG File Processing Stats

File Path                       PID    Runtime      # DAGs    # Errors  Last Runtime    Last Run
------------------------------  -----  ---------  --------  ----------  --------------  -------------------
/opt/airflow/dags/first_dag.py                           1           0  0.20s           2022-12-27T14:34:40
================================================================================
[2022-12-27T14:35:28.652+0000] {manager.py:851} INFO - 
================================================================================
DAG File Processing Stats

File Path                       PID    Runtime      # DAGs    # Errors  Last Runtime    Last Run
------------------------------  -----  ---------  --------  ----------  --------------  -------------------
/opt/airflow/dags/first_dag.py                           1           0  0.19s           2022-12-27T14:35:10
================================================================================
[2022-12-27T14:35:58.893+0000] {manager.py:851} INFO - 
================================================================================
DAG File Processing Stats

File Path                       PID    Runtime      # DAGs    # Errors  Last Runtime    Last Run
------------------------------  -----  ---------  --------  ----------  --------------  -------------------
/opt/airflow/dags/first_dag.py                           1           0  0.17s           2022-12-27T14:35:40
================================================================================
[2022-12-27T14:36:29.268+0000] {manager.py:851} INFO - 
================================================================================
DAG File Processing Stats

File Path                       PID    Runtime      # DAGs    # Errors  Last Runtime    Last Run
------------------------------  -----  ---------  --------  ----------  --------------  -------------------
/opt/airflow/dags/first_dag.py                           1           0  0.21s           2022-12-27T14:36:11
================================================================================
[2022-12-27T14:36:59.517+0000] {manager.py:851} INFO - 
================================================================================
DAG File Processing Stats

File Path                       PID    Runtime      # DAGs    # Errors  Last Runtime    Last Run
------------------------------  -----  ---------  --------  ----------  --------------  -------------------
/opt/airflow/dags/first_dag.py                           1           0  0.20s           2022-12-27T14:36:41
================================================================================
[2022-12-27T14:37:07.725+0000] {manager.py:726} INFO - Searching for files in /opt/airflow/dags
[2022-12-27T14:37:07.729+0000] {manager.py:729} INFO - There are 1 files in /opt/airflow/dags
[2022-12-27T14:37:29.890+0000] {manager.py:851} INFO - 
================================================================================
DAG File Processing Stats

File Path                       PID    Runtime      # DAGs    # Errors  Last Runtime    Last Run
------------------------------  -----  ---------  --------  ----------  --------------  -------------------
/opt/airflow/dags/first_dag.py                           1           0  0.19s           2022-12-27T14:37:11
================================================================================
[2022-12-27T14:37:34.064+0000] {manager.py:465} INFO - Exiting gracefully upon receiving signal 15
[2022-12-29T11:22:18.036+0000] {manager.py:483} INFO - Processing files using up to 2 processes at a time 
[2022-12-29T11:22:18.042+0000] {manager.py:484} INFO - Process each file at most once every 30 seconds
[2022-12-29T11:22:18.043+0000] {manager.py:486} INFO - Checking for new files in /opt/airflow/dags every 300 seconds
[2022-12-29T11:22:18.043+0000] {manager.py:726} INFO - Searching for files in /opt/airflow/dags
[2022-12-29T11:22:18.047+0000] {manager.py:729} INFO - There are 2 files in /opt/airflow/dags
[2022-12-29T11:22:18.215+0000] {manager.py:851} INFO - 
================================================================================
DAG File Processing Stats

File Path                            PID  Runtime      # DAGs    # Errors  Last Runtime    Last Run
---------------------------------  -----  ---------  --------  ----------  --------------  ----------
/opt/airflow/dags/first_dag.py       181  0.05s             0           0
/opt/airflow/dags/get_hotsongs.py    178  0.06s             0           0
================================================================================
[2022-12-29T11:22:48.502+0000] {manager.py:851} INFO - 
================================================================================
DAG File Processing Stats

File Path                            PID  Runtime      # DAGs    # Errors  Last Runtime    Last Run
---------------------------------  -----  ---------  --------  ----------  --------------  -------------------
/opt/airflow/dags/get_hotsongs.py    213  0.00s             0           1  0.17s           2022-12-29T11:22:18
/opt/airflow/dags/first_dag.py                              1           0  0.42s           2022-12-29T11:22:18
================================================================================
[2022-12-29T11:23:19.088+0000] {manager.py:851} INFO - 
================================================================================
DAG File Processing Stats

File Path                            PID  Runtime      # DAGs    # Errors  Last Runtime    Last Run
---------------------------------  -----  ---------  --------  ----------  --------------  -------------------
/opt/airflow/dags/get_hotsongs.py    246  0.01s             0           1  0.31s           2022-12-29T11:22:48
/opt/airflow/dags/first_dag.py       249  0.00s             1           0  0.22s           2022-12-29T11:22:48
================================================================================
[2022-12-29T11:23:49.456+0000] {manager.py:851} INFO - 
================================================================================
DAG File Processing Stats

File Path                            PID  Runtime      # DAGs    # Errors  Last Runtime    Last Run
---------------------------------  -----  ---------  --------  ----------  --------------  -------------------
/opt/airflow/dags/get_hotsongs.py    279  0.03s             0           1  0.07s           2022-12-29T11:23:19
/opt/airflow/dags/first_dag.py       282  0.01s             1           0  0.19s           2022-12-29T11:23:19
================================================================================
[2022-12-29T11:24:19.867+0000] {manager.py:851} INFO - 
================================================================================
DAG File Processing Stats

File Path                            PID  Runtime      # DAGs    # Errors  Last Runtime    Last Run
---------------------------------  -----  ---------  --------  ----------  --------------  -------------------
/opt/airflow/dags/get_hotsongs.py    313  0.02s             0           1  0.11s           2022-12-29T11:23:49
/opt/airflow/dags/first_dag.py       316  0.01s             1           0  0.18s           2022-12-29T11:23:49
================================================================================
[2022-12-29T11:24:50.214+0000] {manager.py:851} INFO - 
================================================================================
DAG File Processing Stats

File Path                            PID  Runtime      # DAGs    # Errors  Last Runtime    Last Run
---------------------------------  -----  ---------  --------  ----------  --------------  -------------------
/opt/airflow/dags/get_hotsongs.py    359  0.01s             0           1  0.09s           2022-12-29T11:24:19
/opt/airflow/dags/first_dag.py       362  0.01s             1           0  0.16s           2022-12-29T11:24:20
================================================================================
[2022-12-29T11:25:20.588+0000] {manager.py:851} INFO - 
================================================================================
DAG File Processing Stats

File Path                            PID  Runtime      # DAGs    # Errors  Last Runtime    Last Run
---------------------------------  -----  ---------  --------  ----------  --------------  -------------------
/opt/airflow/dags/get_hotsongs.py    392  0.01s             0           1  0.09s           2022-12-29T11:24:50
/opt/airflow/dags/first_dag.py       395  0.01s             1           0  0.26s           2022-12-29T11:24:50
================================================================================
[2022-12-29T11:25:50.958+0000] {manager.py:851} INFO - 
================================================================================
DAG File Processing Stats

File Path                            PID  Runtime      # DAGs    # Errors  Last Runtime    Last Run
---------------------------------  -----  ---------  --------  ----------  --------------  -------------------
/opt/airflow/dags/get_hotsongs.py    427  0.03s             0           1  0.08s           2022-12-29T11:25:20
/opt/airflow/dags/first_dag.py       430  0.01s             1           0  0.17s           2022-12-29T11:25:20
================================================================================
[2022-12-29T11:26:21.332+0000] {manager.py:851} INFO - 
================================================================================
DAG File Processing Stats

File Path                            PID  Runtime      # DAGs    # Errors  Last Runtime    Last Run
---------------------------------  -----  ---------  --------  ----------  --------------  -------------------
/opt/airflow/dags/get_hotsongs.py    462  0.03s             0           1  0.09s           2022-12-29T11:25:51
/opt/airflow/dags/first_dag.py       465  0.01s             1           0  0.17s           2022-12-29T11:25:51
================================================================================
[2022-12-29T11:26:51.622+0000] {manager.py:851} INFO - 
================================================================================
DAG File Processing Stats

File Path                            PID  Runtime      # DAGs    # Errors  Last Runtime    Last Run
---------------------------------  -----  ---------  --------  ----------  --------------  -------------------
/opt/airflow/dags/get_hotsongs.py    495  0.01s             0           1  0.10s           2022-12-29T11:26:21
/opt/airflow/dags/first_dag.py       498  0.00s             1           0  0.22s           2022-12-29T11:26:21
================================================================================
[2022-12-29T11:27:18.998+0000] {manager.py:726} INFO - Searching for files in /opt/airflow/dags
[2022-12-29T11:27:19.000+0000] {manager.py:729} INFO - There are 2 files in /opt/airflow/dags
[2022-12-29T11:27:22.062+0000] {manager.py:851} INFO - 
================================================================================
DAG File Processing Stats

File Path                            PID  Runtime      # DAGs    # Errors  Last Runtime    Last Run
---------------------------------  -----  ---------  --------  ----------  --------------  -------------------
/opt/airflow/dags/get_hotsongs.py    538  0.01s             0           1  0.09s           2022-12-29T11:26:51
/opt/airflow/dags/first_dag.py       541  0.01s             1           0  0.19s           2022-12-29T11:26:51
================================================================================
[2022-12-29T11:27:52.425+0000] {manager.py:851} INFO - 
================================================================================
DAG File Processing Stats

File Path                            PID  Runtime      # DAGs    # Errors  Last Runtime    Last Run
---------------------------------  -----  ---------  --------  ----------  --------------  -------------------
/opt/airflow/dags/get_hotsongs.py    575  0.01s             0           1  0.11s           2022-12-29T11:27:22
/opt/airflow/dags/first_dag.py       578  0.01s             1           0  0.24s           2022-12-29T11:27:22
================================================================================
[2022-12-29T11:28:22.845+0000] {manager.py:851} INFO - 
================================================================================
DAG File Processing Stats

File Path                            PID  Runtime      # DAGs    # Errors  Last Runtime    Last Run
---------------------------------  -----  ---------  --------  ----------  --------------  -------------------
/opt/airflow/dags/get_hotsongs.py    610  0.03s             0           1  0.12s           2022-12-29T11:27:52
/opt/airflow/dags/first_dag.py       613  0.01s             1           0  0.28s           2022-12-29T11:27:52
================================================================================
[2022-12-29T11:28:53.209+0000] {manager.py:851} INFO - 
================================================================================
DAG File Processing Stats

File Path                            PID  Runtime      # DAGs    # Errors  Last Runtime    Last Run
---------------------------------  -----  ---------  --------  ----------  --------------  -------------------
/opt/airflow/dags/get_hotsongs.py    643  0.03s             0           1  0.09s           2022-12-29T11:28:22
/opt/airflow/dags/first_dag.py       646  0.01s             1           0  0.32s           2022-12-29T11:28:23
================================================================================
[2022-12-29T11:29:23.565+0000] {manager.py:851} INFO - 
================================================================================
DAG File Processing Stats

File Path                            PID  Runtime      # DAGs    # Errors  Last Runtime    Last Run
---------------------------------  -----  ---------  --------  ----------  --------------  -------------------
/opt/airflow/dags/get_hotsongs.py    678  0.02s             0           1  0.10s           2022-12-29T11:28:53
/opt/airflow/dags/first_dag.py       681  0.01s             1           0  0.18s           2022-12-29T11:28:53
================================================================================
[2022-12-29T11:29:53.911+0000] {manager.py:851} INFO - 
================================================================================
DAG File Processing Stats

File Path                            PID  Runtime      # DAGs    # Errors  Last Runtime    Last Run
---------------------------------  -----  ---------  --------  ----------  --------------  -------------------
/opt/airflow/dags/get_hotsongs.py    724  0.01s             0           1  0.08s           2022-12-29T11:29:23
/opt/airflow/dags/first_dag.py       727  0.01s             1           0  0.17s           2022-12-29T11:29:23
================================================================================
[2022-12-29T11:30:24.280+0000] {manager.py:851} INFO - 
================================================================================
DAG File Processing Stats

File Path                            PID  Runtime      # DAGs    # Errors  Last Runtime    Last Run
---------------------------------  -----  ---------  --------  ----------  --------------  -------------------
/opt/airflow/dags/get_hotsongs.py    758  0.02s             0           1  0.10s           2022-12-29T11:29:53
/opt/airflow/dags/first_dag.py       761  0.01s             1           0  0.25s           2022-12-29T11:29:54
================================================================================
[2022-12-29T11:30:54.910+0000] {manager.py:851} INFO - 
================================================================================
DAG File Processing Stats

File Path                            PID  Runtime      # DAGs    # Errors  Last Runtime    Last Run
---------------------------------  -----  ---------  --------  ----------  --------------  -------------------
/opt/airflow/dags/get_hotsongs.py    791  0.02s             0           1  0.34s           2022-12-29T11:30:24
/opt/airflow/dags/first_dag.py       794  0.01s             1           0  0.43s           2022-12-29T11:30:24
================================================================================
[2022-12-29T11:31:25.258+0000] {manager.py:851} INFO - 
================================================================================
DAG File Processing Stats

File Path                            PID  Runtime      # DAGs    # Errors  Last Runtime    Last Run
---------------------------------  -----  ---------  --------  ----------  --------------  -------------------
/opt/airflow/dags/get_hotsongs.py    826  0.02s             0           1  0.09s           2022-12-29T11:30:54
/opt/airflow/dags/first_dag.py       829  0.01s             1           0  0.17s           2022-12-29T11:30:55
================================================================================
[2022-12-29T11:31:55.594+0000] {manager.py:851} INFO - 
================================================================================
DAG File Processing Stats

File Path                            PID  Runtime      # DAGs    # Errors  Last Runtime    Last Run
---------------------------------  -----  ---------  --------  ----------  --------------  -------------------
/opt/airflow/dags/get_hotsongs.py    868  0.01s             0           1  0.07s           2022-12-29T11:31:25
/opt/airflow/dags/first_dag.py       871  0.01s             1           0  0.17s           2022-12-29T11:31:25
================================================================================
[2022-12-29T11:32:19.063+0000] {manager.py:726} INFO - Searching for files in /opt/airflow/dags
[2022-12-29T11:32:19.070+0000] {manager.py:729} INFO - There are 2 files in /opt/airflow/dags
[2022-12-29T11:32:25.942+0000] {manager.py:851} INFO - 
================================================================================
DAG File Processing Stats

File Path                            PID  Runtime      # DAGs    # Errors  Last Runtime    Last Run
---------------------------------  -----  ---------  --------  ----------  --------------  -------------------
/opt/airflow/dags/get_hotsongs.py    906  0.01s             0           1  0.10s           2022-12-29T11:31:55
/opt/airflow/dags/first_dag.py       909  0.01s             1           0  0.27s           2022-12-29T11:31:55
================================================================================
[2022-12-29T11:32:56.270+0000] {manager.py:851} INFO - 
================================================================================
DAG File Processing Stats

File Path                            PID  Runtime      # DAGs    # Errors  Last Runtime    Last Run
---------------------------------  -----  ---------  --------  ----------  --------------  -------------------
/opt/airflow/dags/get_hotsongs.py    941  0.01s             0           1  0.08s           2022-12-29T11:32:26
/opt/airflow/dags/first_dag.py       944  0.01s             1           0  0.18s           2022-12-29T11:32:26
================================================================================
[2022-12-29T11:33:26.624+0000] {manager.py:851} INFO - 
================================================================================
DAG File Processing Stats

File Path                            PID  Runtime      # DAGs    # Errors  Last Runtime    Last Run
---------------------------------  -----  ---------  --------  ----------  --------------  -------------------
/opt/airflow/dags/get_hotsongs.py    976  0.02s             0           1  0.07s           2022-12-29T11:32:56
/opt/airflow/dags/first_dag.py       979  0.01s             1           0  0.16s           2022-12-29T11:32:56
================================================================================
[2022-12-29T11:33:56.971+0000] {manager.py:851} INFO - 
================================================================================
DAG File Processing Stats

File Path                            PID  Runtime      # DAGs    # Errors  Last Runtime    Last Run
---------------------------------  -----  ---------  --------  ----------  --------------  -------------------
/opt/airflow/dags/get_hotsongs.py   1009  0.02s             0           1  0.08s           2022-12-29T11:33:26
/opt/airflow/dags/first_dag.py      1012  0.01s             1           0  0.16s           2022-12-29T11:33:26
================================================================================
[2022-12-29T11:33:59.598+0000] {manager.py:465} INFO - Exiting gracefully upon receiving signal 15
